     :-) GROMACS - gmx mdrun, 2023.2-dev-20230712-a3d6917-dirty-unknown (-:

Copyright 1991-2023 The GROMACS Authors.
GROMACS is free software; you can redistribute it and/or modify it
under the terms of the GNU Lesser General Public License
as published by the Free Software Foundation; either version 2.1
of the License, or (at your option) any later version.

                         Current GROMACS contributors:
       Mark Abraham           Andrey Alekseenko           Cathrine Bergh      
      Christian Blau            Eliane Briand             Mahesh Doijade      
    Stefan Fleischmann           Vytas Gapsys              Gaurav Garg        
      Sergey Gorelov         Gilles Gouaillardet            Alan Gray         
     M. Eric Irrgang         Farzaneh Jalalypour            Joe Jordan        
    Christoph Junghans        Prashanth Kanduri          Sebastian Keller     
     Carsten Kutzner           Justin A. Lemkul          Magnus Lundborg      
       Pascal Merz              Vedran Miletic            Dmitry Morozov      
       Szilard Pall             Roland Schulz             Michael Shirts      
     Alexey Shvetsov            Balint Soproni         David van der Spoel    
      Philip Turner             Carsten Uphoff           Alessandra Villa     
 Sebastian Wingbermuehle        Artem Zhmurov       

                         Previous GROMACS contributors:
        Emile Apol             Rossen Apostolov           James Barnett       
  Herman J.C. Berendsen          Par Bjelkmar           Viacheslav Bolnykh    
        Kevin Boyd            Aldert van Buuren          Carlo Camilloni      
     Rudi van Drunen            Anton Feenstra           Oliver Fleetwood     
     Gerrit Groenhof            Bert de Groot             Anca Hamuraru       
    Vincent Hindriksen          Victor Holanda           Aleksei Iupinov      
   Dimitrios Karkoulis           Peter Kasson             Sebastian Kehl      
        Jiri Kraus               Per Larsson              Viveca Lindahl      
      Erik Marklund           Pieter Meulenhoff           Teemu Murtola       
       Sander Pronk             Alfons Sijbers            Peter Tieleman      
       Jon Vincent             Teemu Virolainen         Christian Wennberg    
       Maarten Wolf       

                  Coordinated by the GROMACS project leaders:
                    Paul Bauer, Berk Hess, and Erik Lindahl

GROMACS:      gmx mdrun, version 2023.2-dev-20230712-a3d6917-dirty-unknown
Executable:   /usr/local/gromacs/avx2_256/bin/gmx
Data prefix:  /usr/local/gromacs/avx2_256
Working dir:  /workdir
Process ID:   36
Command line:
  gmx mdrun -deffnm nvt

GROMACS version:    2023.2-dev-20230712-a3d6917-dirty-unknown
GIT SHA1 hash:      a3d6917ec9927c464231e5caa2933b68cccc3cb3 (dirty)
Branched from:      unknown
Precision:          mixed
Memory model:       64 bit
MPI library:        thread_mpi
OpenMP support:     enabled (GMX_OPENMP_MAX_THREADS = 128)
GPU support:        CUDA
NB cluster size:    8
SIMD instructions:  AVX2_256
CPU FFT library:    fftw-3.3.10-sse2-avx-avx2-avx2_128-avx512
GPU FFT library:    cuFFT
Multi-GPU FFT:      none
RDTSCP usage:       enabled
TNG support:        enabled
Hwloc support:      disabled
Tracing support:    disabled
C compiler:         /usr/bin/gcc GNU 12.3.0
C compiler flags:   -Wno-array-bounds -fexcess-precision=fast -funroll-all-loops -mavx2 -mfma -Wall -Wno-unused -Wunused-value -Wunused-parameter -Wextra -Wno-sign-compare -Wpointer-arith -Wundef -Werror=stringop-truncation -Wno-missing-field-initializers -march=x86-64-v3 -mtune=generic -O3 -pipe -DNDEBUG
C++ compiler:       /usr/bin/g++ GNU 12.3.0
C++ compiler flags: -Wno-array-bounds -fexcess-precision=fast -funroll-all-loops -mavx2 -mfma -Wall -Wextra -Wpointer-arith -Wmissing-declarations -Wundef -Wstringop-truncation -Wno-missing-field-initializers -Wno-cast-function-type-strict -fopenmp -march=x86-64-v3 -mtune=generic -O3 -pipe -DNDEBUG
BLAS library:       
LAPACK library:     
CUDA compiler:      /usr/local/cuda/bin/nvcc nvcc: NVIDIA (R) Cuda compiler driver;Copyright (c) 2005-2023 NVIDIA Corporation;Built on Mon_Apr__3_17:16:06_PDT_2023;Cuda compilation tools, release 12.1, V12.1.105;Build cuda_12.1.r12.1/compiler.32688072_0
CUDA compiler flags:-std=c++17;--generate-code=arch=compute_60,code=sm_60;--generate-code=arch=compute_70,code=sm_70;--generate-code=arch=compute_75,code=sm_75;--generate-code=arch=compute_80,code=sm_80;--generate-code=arch=compute_86,code=sm_86;--generate-code=arch=compute_90,code=sm_90;--generate-code=arch=compute_60,code=compute_60;--generate-code=arch=compute_70,code=compute_70;--generate-code=arch=compute_75,code=compute_75;--generate-code=arch=compute_80,code=compute_80;--generate-code=arch=compute_86,code=compute_86;--generate-code=arch=compute_90,code=compute_90;-use_fast_math;-Xptxas;-warn-double-usage;-Xptxas;-Werror;-D_FORCE_INLINES;-Wno-array-bounds -fexcess-precision=fast -funroll-all-loops -mavx2 -mfma -Wall -Wextra -Wpointer-arith -Wmissing-declarations -Wundef -Wstringop-truncation -Wno-missing-field-initializers -Wno-cast-function-type-strict -fopenmp -march=x86-64-v3 -mtune=generic -O3 -pipe -DNDEBUG
CUDA driver:        0.0
CUDA runtime:       12.10


Running on 1 node with total 8 cores, 16 processing units (GPU detection failed)
Hardware detected on host 1a15a425610e:
  CPU info:
    Vendor: Intel
    Brand:  Intel(R) Core(TM) i7-10700F CPU @ 2.90GHz
    Family: 6   Model: 165   Stepping: 5
    Features: aes apic avx avx2 clfsh cmov cx8 cx16 f16c fma htt intel lahf mmx msr nonstop_tsc pcid pclmuldq pdcm pdpe1gb popcnt pse rdrnd rdtscp sse2 sse3 sse4.1 sse4.2 ssse3 tdt x2apic
  Hardware topology: Basic
    Packages, cores, and logical processors:
    [indices refer to OS logical processors]
      Package  0: [   0   8] [   1   9] [   2  10] [   3  11] [   4  12] [   5  13] [   6  14] [   7  15]
    CPU limit set by OS: -1   Recommended max number of threads: 16


++++ PLEASE READ AND CITE THE FOLLOWING REFERENCE ++++
M. J. Abraham, T. Murtola, R. Schulz, S. Páll, J. C. Smith, B. Hess, E.
Lindahl
GROMACS: High performance molecular simulations through multi-level
parallelism from laptops to supercomputers
SoftwareX 1 (2015) pp. 19-25
-------- -------- --- Thank You --- -------- --------


++++ PLEASE READ AND CITE THE FOLLOWING REFERENCE ++++
S. Páll, M. J. Abraham, C. Kutzner, B. Hess, E. Lindahl
Tackling Exascale Software Challenges in Molecular Dynamics Simulations with
GROMACS
In S. Markidis & E. Laure (Eds.), Solving Software Challenges for Exascale 8759 (2015) pp. 3-27
-------- -------- --- Thank You --- -------- --------


++++ PLEASE READ AND CITE THE FOLLOWING REFERENCE ++++
S. Pronk, S. Páll, R. Schulz, P. Larsson, P. Bjelkmar, R. Apostolov, M. R.
Shirts, J. C. Smith, P. M. Kasson, D. van der Spoel, B. Hess, and E. Lindahl
GROMACS 4.5: a high-throughput and highly parallel open source molecular
simulation toolkit
Bioinformatics 29 (2013) pp. 845-54
-------- -------- --- Thank You --- -------- --------


++++ PLEASE READ AND CITE THE FOLLOWING REFERENCE ++++
B. Hess and C. Kutzner and D. van der Spoel and E. Lindahl
GROMACS 4: Algorithms for highly efficient, load-balanced, and scalable
molecular simulation
J. Chem. Theory Comput. 4 (2008) pp. 435-447
-------- -------- --- Thank You --- -------- --------


++++ PLEASE READ AND CITE THE FOLLOWING REFERENCE ++++
D. van der Spoel, E. Lindahl, B. Hess, G. Groenhof, A. E. Mark and H. J. C.
Berendsen
GROMACS: Fast, Flexible and Free
J. Comp. Chem. 26 (2005) pp. 1701-1719
-------- -------- --- Thank You --- -------- --------


++++ PLEASE READ AND CITE THE FOLLOWING REFERENCE ++++
E. Lindahl and B. Hess and D. van der Spoel
GROMACS 3.0: A package for molecular simulation and trajectory analysis
J. Mol. Mod. 7 (2001) pp. 306-317
-------- -------- --- Thank You --- -------- --------


++++ PLEASE READ AND CITE THE FOLLOWING REFERENCE ++++
H. J. C. Berendsen, D. van der Spoel and R. van Drunen
GROMACS: A message-passing parallel molecular dynamics implementation
Comp. Phys. Comm. 91 (1995) pp. 43-56
-------- -------- --- Thank You --- -------- --------


++++ PLEASE CITE THE DOI FOR THIS VERSION OF GROMACS ++++
https://doi.org/10.5281/zenodo.8134397
-------- -------- --- Thank You --- -------- --------

Input Parameters:
   integrator                     = md
   tinit                          = 0
   dt                             = 0.002
   nsteps                         = 50000
   init-step                      = 0
   simulation-part                = 1
   mts                            = false
   comm-mode                      = Linear
   nstcomm                        = 100
   bd-fric                        = 0
   ld-seed                        = -1902182732
   emtol                          = 10
   emstep                         = 0.01
   niter                          = 20
   fcstep                         = 0
   nstcgsteep                     = 1000
   nbfgscorr                      = 10
   rtpi                           = 0.05
   nstxout                        = 500
   nstvout                        = 500
   nstfout                        = 0
   nstlog                         = 500
   nstcalcenergy                  = 100
   nstenergy                      = 500
   nstxout-compressed             = 0
   compressed-x-precision         = 1000
   cutoff-scheme                  = Verlet
   nstlist                        = 10
   pbc                            = xyz
   periodic-molecules             = false
   verlet-buffer-tolerance        = 0.005
   rlist                          = 1
   coulombtype                    = PME
   coulomb-modifier               = Potential-shift
   rcoulomb-switch                = 0
   rcoulomb                       = 1
   epsilon-r                      = 1
   epsilon-rf                     = inf
   vdw-type                       = Cut-off
   vdw-modifier                   = Potential-shift
   rvdw-switch                    = 0
   rvdw                           = 1
   DispCorr                       = EnerPres
   table-extension                = 1
   fourierspacing                 = 0.16
   fourier-nx                     = 108
   fourier-ny                     = 108
   fourier-nz                     = 108
   pme-order                      = 4
   ewald-rtol                     = 1e-05
   ewald-rtol-lj                  = 0.001
   lj-pme-comb-rule               = Geometric
   ewald-geometry                 = 3d
   epsilon-surface                = 0
   ensemble-temperature-setting   = constant
   ensemble-temperature           = 311.5
   tcoupl                         = V-rescale
   nsttcouple                     = 10
   nh-chain-length                = 0
   print-nose-hoover-chain-variables = false
   pcoupl                         = No
   pcoupltype                     = Isotropic
   nstpcouple                     = -1
   tau-p                          = 1
   compressibility (3x3):
      compressibility[    0]={ 0.00000e+00,  0.00000e+00,  0.00000e+00}
      compressibility[    1]={ 0.00000e+00,  0.00000e+00,  0.00000e+00}
      compressibility[    2]={ 0.00000e+00,  0.00000e+00,  0.00000e+00}
   ref-p (3x3):
      ref-p[    0]={ 0.00000e+00,  0.00000e+00,  0.00000e+00}
      ref-p[    1]={ 0.00000e+00,  0.00000e+00,  0.00000e+00}
      ref-p[    2]={ 0.00000e+00,  0.00000e+00,  0.00000e+00}
   refcoord-scaling               = No
   posres-com (3):
      posres-com[0]= 0.00000e+00
      posres-com[1]= 0.00000e+00
      posres-com[2]= 0.00000e+00
   posres-comB (3):
      posres-comB[0]= 0.00000e+00
      posres-comB[1]= 0.00000e+00
      posres-comB[2]= 0.00000e+00
   QMMM                           = false
qm-opts:
   ngQM                           = 0
   constraint-algorithm           = Lincs
   continuation                   = false
   Shake-SOR                      = false
   shake-tol                      = 0.0001
   lincs-order                    = 4
   lincs-iter                     = 1
   lincs-warnangle                = 30
   nwall                          = 0
   wall-type                      = 9-3
   wall-r-linpot                  = -1
   wall-atomtype[0]               = -1
   wall-atomtype[1]               = -1
   wall-density[0]                = 0
   wall-density[1]                = 0
   wall-ewald-zfac                = 3
   pull                           = false
   awh                            = false
   rotation                       = false
   interactiveMD                  = false
   disre                          = No
   disre-weighting                = Conservative
   disre-mixed                    = false
   dr-fc                          = 1000
   dr-tau                         = 0
   nstdisreout                    = 100
   orire-fc                       = 0
   orire-tau                      = 0
   nstorireout                    = 100
   free-energy                    = no
   cos-acceleration               = 0
   deform (3x3):
      deform[    0]={ 0.00000e+00,  0.00000e+00,  0.00000e+00}
      deform[    1]={ 0.00000e+00,  0.00000e+00,  0.00000e+00}
      deform[    2]={ 0.00000e+00,  0.00000e+00,  0.00000e+00}
   simulated-tempering            = false
   swapcoords                     = no
   userint1                       = 0
   userint2                       = 0
   userint3                       = 0
   userint4                       = 0
   userreal1                      = 0
   userreal2                      = 0
   userreal3                      = 0
   userreal4                      = 0
   applied-forces:
     electric-field:
       x:
         E0                       = 0
         omega                    = 0
         t0                       = 0
         sigma                    = 0
       y:
         E0                       = 0
         omega                    = 0
         t0                       = 0
         sigma                    = 0
       z:
         E0                       = 0
         omega                    = 0
         t0                       = 0
         sigma                    = 0
     density-guided-simulation:
       active                     = false
       group                      = protein
       similarity-measure         = inner-product
       atom-spreading-weight      = unity
       force-constant             = 1e+09
       gaussian-transform-spreading-width = 0.2
       gaussian-transform-spreading-range-in-multiples-of-width = 4
       reference-density-filename = reference.mrc
       nst                        = 1
       normalize-densities        = true
       adaptive-force-scaling     = false
       adaptive-force-scaling-time-constant = 4
       shift-vector               = 
       transformation-matrix      = 
     qmmm-cp2k:
       active                     = false
       qmgroup                    = System
       qmmethod                   = PBE
       qmfilenames                = 
       qmcharge                   = 0
       qmmultiplicity             = 1
grpopts:
   nrdf:     50717.8      617814
   ref-t:       311.5       311.5
   tau-t:         0.1         0.1
annealing:          No          No
annealing-npoints:           0           0
   acc:	           0           0           0
   nfreeze:           N           N           N
   energygrp-flags[  0]: 0

Changing nstlist from 10 to 50, rlist from 1 to 1.113


Initializing Domain Decomposition on 1 ranks
Dynamic load balancing: auto
Using update groups, nr 113231, average size 2.9 atoms, max. radius 0.139 nm
Minimum cell size due to atom displacement: 0.420 nm
Initial maximum distances in bonded interactions:
    two-body bonded interactions: 0.452 nm, LJ-14, atoms 7218 8192
  multi-body bonded interactions: 0.488 nm, CMAP Dih., atoms 15570 15582
Minimum cell size due to bonded interactions: 0.537 nm
Using 0 separate PME ranks because: there are too few total ranks for efficient splitting
Optimizing the DD grid for 1 cells with a minimum initial size of 0.537 nm
The maximum allowed number of cells is: X 25 Y 25 Z 22
Domain decomposition grid 1 x 1 x 1, separate PME ranks 0
PME domain decomposition: 1 x 1 x 1

The initial number of communication pulses is:
The initial domain decomposition cell size is:

The maximum allowed distance for atom groups involved in interactions is:
                 non-bonded interactions           1.391 nm
            two-body bonded interactions  (-rdd)   1.391 nm
          multi-body bonded interactions  (-rdd)   1.391 nm

When dynamic load balancing gets turned on, these settings will change to:
The maximum number of communication pulses is:
The minimum size for domain decomposition cells is 1.391 nm
The requested allowed shrink of DD cells (option -dds) is: 0.80
The allowed shrink of domain decomposition cells is:
The maximum allowed distance for atom groups involved in interactions is:
                 non-bonded interactions           1.391 nm
            two-body bonded interactions  (-rdd)   1.391 nm
          multi-body bonded interactions  (-rdd)   1.391 nm

Using 1 MPI thread
Using 16 OpenMP threads 

System total charge: 0.000
Will do PME sum in reciprocal space for electrostatic interactions.

++++ PLEASE READ AND CITE THE FOLLOWING REFERENCE ++++
U. Essmann, L. Perera, M. L. Berkowitz, T. Darden, H. Lee and L. G. Pedersen 
A smooth particle mesh Ewald method
J. Chem. Phys. 103 (1995) pp. 8577-8592
-------- -------- --- Thank You --- -------- --------

Using a Gaussian width (1/beta) of 0.320163 nm for Ewald
Potential shift: LJ r^-12: -1.000e+00 r^-6: -1.000e+00, Ewald -1.000e-05
Initialized non-bonded Coulomb Ewald tables, spacing: 9.33e-04 size: 1073

Generated table with 1056 data points for 1-4 COUL.
Tabscale = 500 points/nm
Generated table with 1056 data points for 1-4 LJ6.
Tabscale = 500 points/nm
Generated table with 1056 data points for 1-4 LJ12.
Tabscale = 500 points/nm
Long Range LJ corr.: <C6> 3.1886e-04


Using SIMD 4x8 nonbonded short-range kernels

Using a dual 4x8 pair-list setup updated with dynamic pruning:
  outer list: updated every 50 steps, buffer 0.113 nm, rlist 1.113 nm
  inner list: updated every 12 steps, buffer 0.001 nm, rlist 1.001 nm
At tolerance 0.005 kJ/mol/ps per atom, equivalent classical 1x1 list would be:
  outer list: updated every 50 steps, buffer 0.243 nm, rlist 1.243 nm
  inner list: updated every 12 steps, buffer 0.047 nm, rlist 1.047 nm

Using Lorentz-Berthelot Lennard-Jones combination rule
Removing pbc first time

Linking all bonded interactions to atoms


Pinning threads with an auto-selected logical cpu stride of 1

Initializing LINear Constraint Solver

++++ PLEASE READ AND CITE THE FOLLOWING REFERENCE ++++
B. Hess and H. Bekker and H. J. C. Berendsen and J. G. E. M. Fraaije
LINCS: A Linear Constraint Solver for molecular simulations
J. Comp. Chem. 18 (1997) pp. 1463-1472
-------- -------- --- Thank You --- -------- --------

The number of constraints is 9969

++++ PLEASE READ AND CITE THE FOLLOWING REFERENCE ++++
S. Miyamoto and P. A. Kollman
SETTLE: An Analytical Version of the SHAKE and RATTLE Algorithms for Rigid
Water Models
J. Comp. Chem. 13 (1992) pp. 952-962
-------- -------- --- Thank You --- -------- --------


++++ PLEASE READ AND CITE THE FOLLOWING REFERENCE ++++
G. Bussi, D. Donadio and M. Parrinello
Canonical sampling through velocity rescaling
J. Chem. Phys. 126 (2007) pp. 014101
-------- -------- --- Thank You --- -------- --------

There are: 329136 Atoms
Atom distribution over 1 domains: av 329136 stddev 0 min 329136 max 329136

Constraining the starting coordinates (step 0)

Constraining the coordinates at t0-dt (step 0)
Center of mass motion removal mode is Linear
We have the following groups for center of mass motion removal:
  0:  rest
RMS relative constraint deviation after constraining: 4.71e-06
Initial temperature: 311.935 K

Started mdrun on rank 0 Mon Jun 16 13:32:31 2025

           Step           Time
              0        0.00000

   Energies (kJ/mol)
           Bond            U-B    Proper Dih.  Improper Dih.      CMAP Dih.
    4.48809e+03    1.50564e+04    2.66621e+04    5.79380e+02   -8.16403e+03
          LJ-14     Coulomb-14        LJ (SR)  Disper. corr.   Coulomb (SR)
    1.27973e+04    2.67002e+05    7.91539e+05   -4.29512e+04   -6.34901e+06
   Coul. recip. Position Rest.      Potential    Kinetic En.   Total Energy
    1.83518e+04    1.00708e-02   -5.26365e+06    8.67034e+05   -4.39662e+06
  Conserved En.    Temperature Pres. DC (bar) Pressure (bar)   Constr. rmsd
   -4.39662e+06    3.11968e+02   -2.12237e+02   -4.61586e+03    4.61317e-06

           Step           Time
            500        1.00000

   Energies (kJ/mol)
           Bond            U-B    Proper Dih.  Improper Dih.      CMAP Dih.
    1.69581e+04    4.63126e+04    3.24795e+04    2.71279e+03   -7.75095e+03
          LJ-14     Coulomb-14        LJ (SR)  Disper. corr.   Coulomb (SR)
    1.46286e+04    2.66853e+05    7.13477e+05   -4.29512e+04   -5.41526e+06
   Coul. recip. Position Rest.      Potential    Kinetic En.   Total Energy
    2.98286e+04    5.50034e+03   -4.33721e+06    8.55053e+05   -3.48216e+06
  Conserved En.    Temperature Pres. DC (bar) Pressure (bar)   Constr. rmsd
   -4.38864e+06    3.07657e+02   -2.12237e+02   -1.06797e+02    4.62925e-06

           Step           Time
           1000        2.00000

   Energies (kJ/mol)
           Bond            U-B    Proper Dih.  Improper Dih.      CMAP Dih.
    1.68445e+04    4.61503e+04    3.21844e+04    2.86278e+03   -7.63854e+03
          LJ-14     Coulomb-14        LJ (SR)  Disper. corr.   Coulomb (SR)
    1.46430e+04    2.67083e+05    6.98475e+05   -4.29512e+04   -5.37458e+06
   Coul. recip. Position Rest.      Potential    Kinetic En.   Total Energy
    3.06465e+04    5.31308e+03   -4.31097e+06    8.63426e+05   -3.44754e+06
  Conserved En.    Temperature Pres. DC (bar) Pressure (bar)   Constr. rmsd
   -4.38856e+06    3.10670e+02   -2.12237e+02   -6.59867e+01    4.66290e-06

           Step           Time
           1500        3.00000

   Energies (kJ/mol)
           Bond            U-B    Proper Dih.  Improper Dih.      CMAP Dih.
    1.65476e+04    4.58169e+04    3.21063e+04    2.79014e+03   -7.88760e+03
          LJ-14     Coulomb-14        LJ (SR)  Disper. corr.   Coulomb (SR)
    1.46131e+04    2.66848e+05    7.01401e+05   -4.29512e+04   -5.37577e+06
   Coul. recip. Position Rest.      Potential    Kinetic En.   Total Energy
    3.01471e+04    5.44656e+03   -4.31089e+06    8.64550e+05   -3.44634e+06
  Conserved En.    Temperature Pres. DC (bar) Pressure (bar)   Constr. rmsd
   -4.38856e+06    3.11074e+02   -2.12237e+02    1.40557e+02    4.64097e-06

           Step           Time
           2000        4.00000

   Energies (kJ/mol)
           Bond            U-B    Proper Dih.  Improper Dih.      CMAP Dih.
    1.68936e+04    4.62743e+04    3.21114e+04    2.74826e+03   -7.66110e+03
          LJ-14     Coulomb-14        LJ (SR)  Disper. corr.   Coulomb (SR)
    1.45578e+04    2.67964e+05    6.97162e+05   -4.29512e+04   -5.36905e+06
   Coul. recip. Position Rest.      Potential    Kinetic En.   Total Energy
    3.03575e+04    5.25219e+03   -4.30634e+06    8.66714e+05   -3.43963e+06
  Conserved En.    Temperature Pres. DC (bar) Pressure (bar)   Constr. rmsd
   -4.38846e+06    3.11853e+02   -2.12237e+02    2.00687e+02    4.61776e-06

           Step           Time
           2500        5.00000

   Energies (kJ/mol)
           Bond            U-B    Proper Dih.  Improper Dih.      CMAP Dih.
    1.63925e+04    4.68282e+04    3.21581e+04    2.85592e+03   -7.57603e+03
          LJ-14     Coulomb-14        LJ (SR)  Disper. corr.   Coulomb (SR)
    1.48563e+04    2.67204e+05    6.96339e+05   -4.29512e+04   -5.36713e+06
   Coul. recip. Position Rest.      Potential    Kinetic En.   Total Energy
    3.01272e+04    5.21622e+03   -4.30568e+06    8.70520e+05   -3.43516e+06
  Conserved En.    Temperature Pres. DC (bar) Pressure (bar)   Constr. rmsd
   -4.38841e+06    3.13222e+02   -2.12237e+02    6.68889e+01    4.64598e-06

           Step           Time
           3000        6.00000

   Energies (kJ/mol)
           Bond            U-B    Proper Dih.  Improper Dih.      CMAP Dih.
    1.62655e+04    4.65851e+04    3.16569e+04    2.87415e+03   -7.81714e+03
          LJ-14     Coulomb-14        LJ (SR)  Disper. corr.   Coulomb (SR)
    1.45673e+04    2.67009e+05    6.92580e+05   -4.29512e+04   -5.36574e+06
   Coul. recip. Position Rest.      Potential    Kinetic En.   Total Energy
    3.03203e+04    5.11220e+03   -4.30954e+06    8.64822e+05   -3.44472e+06
  Conserved En.    Temperature Pres. DC (bar) Pressure (bar)   Constr. rmsd
   -4.38834e+06    3.11172e+02   -2.12237e+02   -2.29128e+02    4.59369e-06

           Step           Time
           3500        7.00000

   Energies (kJ/mol)
           Bond            U-B    Proper Dih.  Improper Dih.      CMAP Dih.
    1.67127e+04    4.65597e+04    3.19070e+04    2.65312e+03   -7.71461e+03
          LJ-14     Coulomb-14        LJ (SR)  Disper. corr.   Coulomb (SR)
    1.47492e+04    2.67060e+05    6.94226e+05   -4.29512e+04   -5.36299e+06
   Coul. recip. Position Rest.      Potential    Kinetic En.   Total Energy
    3.01045e+04    5.05252e+03   -4.30463e+06    8.68186e+05   -3.43644e+06
  Conserved En.    Temperature Pres. DC (bar) Pressure (bar)   Constr. rmsd
   -4.38826e+06    3.12382e+02   -2.12237e+02   -1.03600e+00    4.68464e-06

           Step           Time
           4000        8.00000

   Energies (kJ/mol)
           Bond            U-B    Proper Dih.  Improper Dih.      CMAP Dih.
    1.66046e+04    4.65351e+04    3.19808e+04    2.71645e+03   -7.79381e+03
          LJ-14     Coulomb-14        LJ (SR)  Disper. corr.   Coulomb (SR)
    1.45263e+04    2.67567e+05    6.92024e+05   -4.29512e+04   -5.36374e+06
   Coul. recip. Position Rest.      Potential    Kinetic En.   Total Energy
    3.00968e+04    5.09492e+03   -4.30734e+06    8.64052e+05   -3.44329e+06
  Conserved En.    Temperature Pres. DC (bar) Pressure (bar)   Constr. rmsd
   -4.38813e+06    3.10895e+02   -2.12237e+02   -2.08544e+02    4.69284e-06

           Step           Time
           4500        9.00000

   Energies (kJ/mol)
           Bond            U-B    Proper Dih.  Improper Dih.      CMAP Dih.
    1.66688e+04    4.70092e+04    3.18225e+04    2.69246e+03   -7.73476e+03
          LJ-14     Coulomb-14        LJ (SR)  Disper. corr.   Coulomb (SR)
    1.45288e+04    2.67147e+05    6.93433e+05   -4.29512e+04   -5.36607e+06
   Coul. recip. Position Rest.      Potential    Kinetic En.   Total Energy
    3.04176e+04    5.01434e+03   -4.30802e+06    8.66695e+05   -3.44133e+06
  Conserved En.    Temperature Pres. DC (bar) Pressure (bar)   Constr. rmsd
   -4.38810e+06    3.11846e+02   -2.12237e+02   -2.92845e+01    4.72834e-06

           Step           Time
           5000       10.00000

   Energies (kJ/mol)
           Bond            U-B    Proper Dih.  Improper Dih.      CMAP Dih.
    1.66951e+04    4.58419e+04    3.18521e+04    2.60071e+03   -7.79137e+03
          LJ-14     Coulomb-14        LJ (SR)  Disper. corr.   Coulomb (SR)
    1.46811e+04    2.66808e+05    7.00841e+05   -4.29512e+04   -5.37943e+06
   Coul. recip. Position Rest.      Potential    Kinetic En.   Total Energy
    2.99519e+04    4.93650e+03   -4.31597e+06    8.64879e+05   -3.45109e+06
  Conserved En.    Temperature Pres. DC (bar) Pressure (bar)   Constr. rmsd
   -4.38802e+06    3.11192e+02   -2.12237e+02   -6.92487e+01    4.74642e-06

           Step           Time
           5500       11.00000

   Energies (kJ/mol)
           Bond            U-B    Proper Dih.  Improper Dih.      CMAP Dih.
    1.64174e+04    4.62862e+04    3.19867e+04    2.80434e+03   -7.71658e+03
          LJ-14     Coulomb-14        LJ (SR)  Disper. corr.   Coulomb (SR)
    1.46515e+04    2.66654e+05    6.97154e+05   -4.29512e+04   -5.37141e+06
   Coul. recip. Position Rest.      Potential    Kinetic En.   Total Energy
    3.01751e+04    5.10672e+03   -4.31084e+06    8.66449e+05   -3.44439e+06
  Conserved En.    Temperature Pres. DC (bar) Pressure (bar)   Constr. rmsd
   -4.38798e+06    3.11757e+02   -2.12237e+02   -2.62001e+01    4.65396e-06

           Step           Time
           6000       12.00000

   Energies (kJ/mol)
           Bond            U-B    Proper Dih.  Improper Dih.      CMAP Dih.
    1.67922e+04    4.63744e+04    3.18655e+04    2.71886e+03   -7.56613e+03
          LJ-14     Coulomb-14        LJ (SR)  Disper. corr.   Coulomb (SR)
    1.44159e+04    2.66607e+05    6.96426e+05   -4.29512e+04   -5.37208e+06
   Coul. recip. Position Rest.      Potential    Kinetic En.   Total Energy
    3.03215e+04    5.00399e+03   -4.31207e+06    8.63370e+05   -3.44870e+06
  Conserved En.    Temperature Pres. DC (bar) Pressure (bar)   Constr. rmsd
   -4.38786e+06    3.10649e+02   -2.12237e+02   -1.82079e+02    4.68076e-06

           Step           Time
           6500       13.00000

   Energies (kJ/mol)
           Bond            U-B    Proper Dih.  Improper Dih.      CMAP Dih.
    1.64138e+04    4.66115e+04    3.16223e+04    2.65146e+03   -7.72591e+03
          LJ-14     Coulomb-14        LJ (SR)  Disper. corr.   Coulomb (SR)
    1.44435e+04    2.66734e+05    6.95988e+05   -4.29512e+04   -5.37082e+06
   Coul. recip. Position Rest.      Potential    Kinetic En.   Total Energy
    2.98520e+04    4.96458e+03   -4.31221e+06    8.64360e+05   -3.44785e+06
  Conserved En.    Temperature Pres. DC (bar) Pressure (bar)   Constr. rmsd
   -4.38779e+06    3.11005e+02   -2.12237e+02   -1.75234e+01    4.65571e-06

           Step           Time
           7000       14.00000

   Energies (kJ/mol)
           Bond            U-B    Proper Dih.  Improper Dih.      CMAP Dih.
    1.68496e+04    4.68102e+04    3.20184e+04    2.80370e+03   -7.82182e+03
          LJ-14     Coulomb-14        LJ (SR)  Disper. corr.   Coulomb (SR)
    1.48199e+04    2.66569e+05    6.98344e+05   -4.29512e+04   -5.36976e+06
   Coul. recip. Position Rest.      Potential    Kinetic En.   Total Energy
    3.02617e+04    5.00017e+03   -4.30706e+06    8.64162e+05   -3.44290e+06
  Conserved En.    Temperature Pres. DC (bar) Pressure (bar)   Constr. rmsd
   -4.38768e+06    3.10934e+02   -2.12237e+02    2.55548e+02    4.56301e-06

           Step           Time
           7500       15.00000

   Energies (kJ/mol)
           Bond            U-B    Proper Dih.  Improper Dih.      CMAP Dih.
    1.66690e+04    4.65531e+04    3.18031e+04    2.61055e+03   -7.79975e+03
          LJ-14     Coulomb-14        LJ (SR)  Disper. corr.   Coulomb (SR)
    1.44247e+04    2.67101e+05    6.95189e+05   -4.29512e+04   -5.37166e+06
   Coul. recip. Position Rest.      Potential    Kinetic En.   Total Energy
    3.01475e+04    5.03833e+03   -4.31288e+06    8.66328e+05   -3.44655e+06
  Conserved En.    Temperature Pres. DC (bar) Pressure (bar)   Constr. rmsd
   -4.38770e+06    3.11714e+02   -2.12237e+02   -3.00757e+02    4.66548e-06

           Step           Time
           8000       16.00000

   Energies (kJ/mol)
           Bond            U-B    Proper Dih.  Improper Dih.      CMAP Dih.
    1.67478e+04    4.63818e+04    3.19213e+04    2.81480e+03   -7.91028e+03
          LJ-14     Coulomb-14        LJ (SR)  Disper. corr.   Coulomb (SR)
    1.46734e+04    2.66635e+05    6.95056e+05   -4.29512e+04   -5.37118e+06
   Coul. recip. Position Rest.      Potential    Kinetic En.   Total Energy
    3.00848e+04    4.96793e+03   -4.31276e+06    8.62909e+05   -3.44985e+06
  Conserved En.    Temperature Pres. DC (bar) Pressure (bar)   Constr. rmsd
   -4.38757e+06    3.10484e+02   -2.12237e+02    9.90766e+00    4.61636e-06

           Step           Time
           8500       17.00000

   Energies (kJ/mol)
           Bond            U-B    Proper Dih.  Improper Dih.      CMAP Dih.
    1.68910e+04    4.65339e+04    3.15434e+04    2.71685e+03   -7.72512e+03
          LJ-14     Coulomb-14        LJ (SR)  Disper. corr.   Coulomb (SR)
    1.44747e+04    2.66186e+05    6.92648e+05   -4.29512e+04   -5.36649e+06
   Coul. recip. Position Rest.      Potential    Kinetic En.   Total Energy
    2.99855e+04    4.98636e+03   -4.31120e+06    8.67632e+05   -3.44357e+06
  Conserved En.    Temperature Pres. DC (bar) Pressure (bar)   Constr. rmsd
   -4.38761e+06    3.12183e+02   -2.12237e+02   -7.84297e+01    4.83840e-06

           Step           Time
           9000       18.00000

   Energies (kJ/mol)
           Bond            U-B    Proper Dih.  Improper Dih.      CMAP Dih.
    1.67368e+04    4.67857e+04    3.19571e+04    2.75457e+03   -7.79148e+03
          LJ-14     Coulomb-14        LJ (SR)  Disper. corr.   Coulomb (SR)
    1.45103e+04    2.67455e+05    6.92717e+05   -4.29512e+04   -5.36510e+06
   Coul. recip. Position Rest.      Potential    Kinetic En.   Total Energy
    3.03409e+04    4.93942e+03   -4.30765e+06    8.67525e+05   -3.44012e+06
  Conserved En.    Temperature Pres. DC (bar) Pressure (bar)   Constr. rmsd
   -4.38753e+06    3.12144e+02   -2.12237e+02   -4.82960e+01    4.60839e-06

           Step           Time
           9500       19.00000

   Energies (kJ/mol)
           Bond            U-B    Proper Dih.  Improper Dih.      CMAP Dih.
    1.63818e+04    4.66205e+04    3.18588e+04    2.76004e+03   -7.80586e+03
          LJ-14     Coulomb-14        LJ (SR)  Disper. corr.   Coulomb (SR)
    1.46990e+04    2.67941e+05    6.95689e+05   -4.29512e+04   -5.36958e+06
   Coul. recip. Position Rest.      Potential    Kinetic En.   Total Energy
    3.02145e+04    4.98241e+03   -4.30918e+06    8.65675e+05   -3.44351e+06
  Conserved En.    Temperature Pres. DC (bar) Pressure (bar)   Constr. rmsd
   -4.38738e+06    3.11479e+02   -2.12237e+02   -1.30487e+02    4.57466e-06

           Step           Time
          10000       20.00000

   Energies (kJ/mol)
           Bond            U-B    Proper Dih.  Improper Dih.      CMAP Dih.
    1.72591e+04    4.62839e+04    3.16983e+04    2.84773e+03   -7.78452e+03
          LJ-14     Coulomb-14        LJ (SR)  Disper. corr.   Coulomb (SR)
    1.46413e+04    2.67218e+05    6.94135e+05   -4.29512e+04   -5.36906e+06
   Coul. recip. Position Rest.      Potential    Kinetic En.   Total Energy
    3.00519e+04    4.98274e+03   -4.31067e+06    8.67608e+05   -3.44307e+06
  Conserved En.    Temperature Pres. DC (bar) Pressure (bar)   Constr. rmsd
   -4.38737e+06    3.12174e+02   -2.12237e+02   -2.08417e+02    4.72466e-06

           Step           Time
          10500       21.00000

   Energies (kJ/mol)
           Bond            U-B    Proper Dih.  Improper Dih.      CMAP Dih.
    1.73796e+04    4.69437e+04    3.18194e+04    2.72736e+03   -7.82200e+03
          LJ-14     Coulomb-14        LJ (SR)  Disper. corr.   Coulomb (SR)
    1.44785e+04    2.66644e+05    6.94521e+05   -4.29512e+04   -5.37006e+06
   Coul. recip. Position Rest.      Potential    Kinetic En.   Total Energy
    2.98117e+04    4.96796e+03   -4.31154e+06    8.65803e+05   -3.44574e+06
  Conserved En.    Temperature Pres. DC (bar) Pressure (bar)   Constr. rmsd
   -4.38726e+06    3.11525e+02   -2.12237e+02    3.71826e+01    4.66559e-06

           Step           Time
          11000       22.00000

   Energies (kJ/mol)
           Bond            U-B    Proper Dih.  Improper Dih.      CMAP Dih.
    1.65136e+04    4.70666e+04    3.18585e+04    2.75215e+03   -7.77346e+03
          LJ-14     Coulomb-14        LJ (SR)  Disper. corr.   Coulomb (SR)
    1.47405e+04    2.67499e+05    6.96769e+05   -4.29512e+04   -5.37479e+06
   Coul. recip. Position Rest.      Potential    Kinetic En.   Total Energy
    3.00835e+04    4.85484e+03   -4.31338e+06    8.65274e+05   -3.44811e+06
  Conserved En.    Temperature Pres. DC (bar) Pressure (bar)   Constr. rmsd
   -4.38719e+06    3.11334e+02   -2.12237e+02   -9.00224e+01    4.79279e-06

           Step           Time
          11500       23.00000

   Energies (kJ/mol)
           Bond            U-B    Proper Dih.  Improper Dih.      CMAP Dih.
    1.67769e+04    4.62897e+04    3.17814e+04    2.79402e+03   -7.76701e+03
          LJ-14     Coulomb-14        LJ (SR)  Disper. corr.   Coulomb (SR)
    1.46328e+04    2.67248e+05    6.92475e+05   -4.29512e+04   -5.36747e+06
   Coul. recip. Position Rest.      Potential    Kinetic En.   Total Energy
    3.03116e+04    4.85998e+03   -4.31102e+06    8.64192e+05   -3.44683e+06
  Conserved En.    Temperature Pres. DC (bar) Pressure (bar)   Constr. rmsd
   -4.38713e+06    3.10945e+02   -2.12237e+02   -7.20712e+01    4.58154e-06

           Step           Time
          12000       24.00000

   Energies (kJ/mol)
           Bond            U-B    Proper Dih.  Improper Dih.      CMAP Dih.
    1.66669e+04    4.54827e+04    3.16975e+04    2.77166e+03   -7.82055e+03
          LJ-14     Coulomb-14        LJ (SR)  Disper. corr.   Coulomb (SR)
    1.45954e+04    2.67245e+05    6.94494e+05   -4.29512e+04   -5.37211e+06
   Coul. recip. Position Rest.      Potential    Kinetic En.   Total Energy
    3.02663e+04    4.86912e+03   -4.31479e+06    8.63245e+05   -3.45155e+06
  Conserved En.    Temperature Pres. DC (bar) Pressure (bar)   Constr. rmsd
   -4.38712e+06    3.10605e+02   -2.12237e+02    4.68650e-01    4.61351e-06

           Step           Time
          12500       25.00000

   Energies (kJ/mol)
           Bond            U-B    Proper Dih.  Improper Dih.      CMAP Dih.
    1.70254e+04    4.63931e+04    3.17563e+04    2.83610e+03   -7.87399e+03
          LJ-14     Coulomb-14        LJ (SR)  Disper. corr.   Coulomb (SR)
    1.46127e+04    2.67334e+05    6.95362e+05   -4.29512e+04   -5.37010e+06
   Coul. recip. Position Rest.      Potential    Kinetic En.   Total Energy
    3.01412e+04    5.09378e+03   -4.31037e+06    8.66512e+05   -3.44386e+06
  Conserved En.    Temperature Pres. DC (bar) Pressure (bar)   Constr. rmsd
   -4.38702e+06    3.11780e+02   -2.12237e+02    1.14120e+02    4.67967e-06

           Step           Time
          13000       26.00000

   Energies (kJ/mol)
           Bond            U-B    Proper Dih.  Improper Dih.      CMAP Dih.
    1.67063e+04    4.62702e+04    3.16965e+04    2.73274e+03   -7.74814e+03
          LJ-14     Coulomb-14        LJ (SR)  Disper. corr.   Coulomb (SR)
    1.46221e+04    2.67704e+05    6.94551e+05   -4.29512e+04   -5.37264e+06
   Coul. recip. Position Rest.      Potential    Kinetic En.   Total Energy
    3.00710e+04    4.96658e+03   -4.31402e+06    8.67062e+05   -3.44696e+06
  Conserved En.    Temperature Pres. DC (bar) Pressure (bar)   Constr. rmsd
   -4.38700e+06    3.11978e+02   -2.12237e+02    8.71780e+01    4.73500e-06

           Step           Time
          13500       27.00000

   Energies (kJ/mol)
           Bond            U-B    Proper Dih.  Improper Dih.      CMAP Dih.
    1.66712e+04    4.64131e+04    3.18091e+04    2.80571e+03   -7.95800e+03
          LJ-14     Coulomb-14        LJ (SR)  Disper. corr.   Coulomb (SR)
    1.44814e+04    2.67227e+05    6.95818e+05   -4.29512e+04   -5.36985e+06
   Coul. recip. Position Rest.      Potential    Kinetic En.   Total Energy
    3.03080e+04    4.83685e+03   -4.31039e+06    8.66424e+05   -3.44396e+06
  Conserved En.    Temperature Pres. DC (bar) Pressure (bar)   Constr. rmsd
   -4.38693e+06    3.11748e+02   -2.12237e+02    1.34089e+02    4.72737e-06

           Step           Time
          14000       28.00000

   Energies (kJ/mol)
           Bond            U-B    Proper Dih.  Improper Dih.      CMAP Dih.
    1.68273e+04    4.66683e+04    3.17622e+04    2.66977e+03   -7.78684e+03
          LJ-14     Coulomb-14        LJ (SR)  Disper. corr.   Coulomb (SR)
    1.45686e+04    2.66766e+05    6.95492e+05   -4.29512e+04   -5.37140e+06
   Coul. recip. Position Rest.      Potential    Kinetic En.   Total Energy
    2.99702e+04    4.92500e+03   -4.31249e+06    8.65082e+05   -3.44741e+06
  Conserved En.    Temperature Pres. DC (bar) Pressure (bar)   Constr. rmsd
   -4.38681e+06    3.11266e+02   -2.12237e+02   -3.48679e+01    4.68936e-06

           Step           Time
          14500       29.00000

   Energies (kJ/mol)
           Bond            U-B    Proper Dih.  Improper Dih.      CMAP Dih.
    1.66092e+04    4.66790e+04    3.20510e+04    2.80876e+03   -7.81568e+03
          LJ-14     Coulomb-14        LJ (SR)  Disper. corr.   Coulomb (SR)
    1.46548e+04    2.66710e+05    6.92412e+05   -4.29512e+04   -5.36437e+06
   Coul. recip. Position Rest.      Potential    Kinetic En.   Total Energy
    3.04203e+04    4.97374e+03   -4.30782e+06    8.66320e+05   -3.44150e+06
  Conserved En.    Temperature Pres. DC (bar) Pressure (bar)   Constr. rmsd
   -4.38680e+06    3.11711e+02   -2.12237e+02   -7.64369e+01    4.70296e-06

           Step           Time
          15000       30.00000

   Energies (kJ/mol)
           Bond            U-B    Proper Dih.  Improper Dih.      CMAP Dih.
    1.66712e+04    4.66314e+04    3.16400e+04    2.74084e+03   -7.63866e+03
          LJ-14     Coulomb-14        LJ (SR)  Disper. corr.   Coulomb (SR)
    1.44864e+04    2.66895e+05    6.90802e+05   -4.29512e+04   -5.36410e+06
   Coul. recip. Position Rest.      Potential    Kinetic En.   Total Energy
    3.03972e+04    4.99704e+03   -4.30942e+06    8.67694e+05   -3.44173e+06
  Conserved En.    Temperature Pres. DC (bar) Pressure (bar)   Constr. rmsd
   -4.38676e+06    3.12205e+02   -2.12237e+02   -2.74134e+02    4.74790e-06

           Step           Time
          15500       31.00000

   Energies (kJ/mol)
           Bond            U-B    Proper Dih.  Improper Dih.      CMAP Dih.
    1.69917e+04    4.59857e+04    3.16959e+04    2.82237e+03   -7.83788e+03
          LJ-14     Coulomb-14        LJ (SR)  Disper. corr.   Coulomb (SR)
    1.46973e+04    2.67935e+05    6.94286e+05   -4.29512e+04   -5.37284e+06
   Coul. recip. Position Rest.      Potential    Kinetic En.   Total Energy
    3.01721e+04    4.83582e+03   -4.31420e+06    8.64371e+05   -3.44983e+06
  Conserved En.    Temperature Pres. DC (bar) Pressure (bar)   Constr. rmsd
   -4.38661e+06    3.11010e+02   -2.12237e+02   -3.52278e+02    4.67391e-06

           Step           Time
          16000       32.00000

   Energies (kJ/mol)
           Bond            U-B    Proper Dih.  Improper Dih.      CMAP Dih.
    1.67063e+04    4.63839e+04    3.17880e+04    2.77316e+03   -7.69796e+03
          LJ-14     Coulomb-14        LJ (SR)  Disper. corr.   Coulomb (SR)
    1.47082e+04    2.66971e+05    6.97498e+05   -4.29512e+04   -5.37357e+06
   Coul. recip. Position Rest.      Potential    Kinetic En.   Total Energy
    3.01176e+04    4.91795e+03   -4.31236e+06    8.66309e+05   -3.44605e+06
  Conserved En.    Temperature Pres. DC (bar) Pressure (bar)   Constr. rmsd
   -4.38660e+06    3.11707e+02   -2.12237e+02   -5.56821e+01    4.69450e-06

           Step           Time
          16500       33.00000

   Energies (kJ/mol)
           Bond            U-B    Proper Dih.  Improper Dih.      CMAP Dih.
    1.62880e+04    4.64705e+04    3.17563e+04    2.72323e+03   -7.73951e+03
          LJ-14     Coulomb-14        LJ (SR)  Disper. corr.   Coulomb (SR)
    1.46186e+04    2.67707e+05    6.91270e+05   -4.29512e+04   -5.36913e+06
   Coul. recip. Position Rest.      Potential    Kinetic En.   Total Energy
    3.01552e+04    5.05673e+03   -4.31377e+06    8.65668e+05   -3.44810e+06
  Conserved En.    Temperature Pres. DC (bar) Pressure (bar)   Constr. rmsd
   -4.38656e+06    3.11476e+02   -2.12237e+02    2.77279e+01    4.64945e-06

           Step           Time
          17000       34.00000

   Energies (kJ/mol)
           Bond            U-B    Proper Dih.  Improper Dih.      CMAP Dih.
    1.66694e+04    4.68977e+04    3.17107e+04    2.82996e+03   -7.73695e+03
          LJ-14     Coulomb-14        LJ (SR)  Disper. corr.   Coulomb (SR)
    1.46209e+04    2.67171e+05    6.94467e+05   -4.29512e+04   -5.36780e+06
   Coul. recip. Position Rest.      Potential    Kinetic En.   Total Energy
    3.01001e+04    4.80040e+03   -4.30922e+06    8.65494e+05   -3.44373e+06
  Conserved En.    Temperature Pres. DC (bar) Pressure (bar)   Constr. rmsd
   -4.38642e+06    3.11414e+02   -2.12237e+02    3.18715e+02    4.67251e-06

           Step           Time
          17500       35.00000

   Energies (kJ/mol)
           Bond            U-B    Proper Dih.  Improper Dih.      CMAP Dih.
    1.65244e+04    4.65229e+04    3.17149e+04    2.74089e+03   -7.76671e+03
          LJ-14     Coulomb-14        LJ (SR)  Disper. corr.   Coulomb (SR)
    1.45699e+04    2.67542e+05    6.93880e+05   -4.29512e+04   -5.37269e+06
   Coul. recip. Position Rest.      Potential    Kinetic En.   Total Energy
    3.00570e+04    5.00078e+03   -4.31485e+06    8.63563e+05   -3.45129e+06
  Conserved En.    Temperature Pres. DC (bar) Pressure (bar)   Constr. rmsd
   -4.38644e+06    3.10719e+02   -2.12237e+02   -4.48885e+01    4.61039e-06

           Step           Time
          18000       36.00000

   Energies (kJ/mol)
           Bond            U-B    Proper Dih.  Improper Dih.      CMAP Dih.
    1.67857e+04    4.66182e+04    3.15801e+04    2.83605e+03   -7.70860e+03
          LJ-14     Coulomb-14        LJ (SR)  Disper. corr.   Coulomb (SR)
    1.44153e+04    2.67543e+05    6.96705e+05   -4.29512e+04   -5.36893e+06
   Coul. recip. Position Rest.      Potential    Kinetic En.   Total Energy
    2.99887e+04    4.91641e+03   -4.30821e+06    8.64778e+05   -3.44343e+06
  Conserved En.    Temperature Pres. DC (bar) Pressure (bar)   Constr. rmsd
   -4.38638e+06    3.11156e+02   -2.12237e+02   -2.69682e+01    4.70277e-06

           Step           Time
          18500       37.00000

   Energies (kJ/mol)
           Bond            U-B    Proper Dih.  Improper Dih.      CMAP Dih.
    1.63299e+04    4.67182e+04    3.18297e+04    2.65631e+03   -7.76351e+03
          LJ-14     Coulomb-14        LJ (SR)  Disper. corr.   Coulomb (SR)
    1.45893e+04    2.67440e+05    6.96478e+05   -4.29512e+04   -5.37221e+06
   Coul. recip. Position Rest.      Potential    Kinetic En.   Total Energy
    2.99125e+04    4.87011e+03   -4.31210e+06    8.62646e+05   -3.44945e+06
  Conserved En.    Temperature Pres. DC (bar) Pressure (bar)   Constr. rmsd
   -4.38626e+06    3.10389e+02   -2.12237e+02    1.84598e+02    4.62500e-06

           Step           Time
          19000       38.00000

   Energies (kJ/mol)
           Bond            U-B    Proper Dih.  Improper Dih.      CMAP Dih.
    1.63376e+04    4.71398e+04    3.17079e+04    2.77965e+03   -7.90301e+03
          LJ-14     Coulomb-14        LJ (SR)  Disper. corr.   Coulomb (SR)
    1.45721e+04    2.67449e+05    6.97366e+05   -4.29512e+04   -5.37120e+06
   Coul. recip. Position Rest.      Potential    Kinetic En.   Total Energy
    3.00443e+04    4.90153e+03   -4.30976e+06    8.65761e+05   -3.44400e+06
  Conserved En.    Temperature Pres. DC (bar) Pressure (bar)   Constr. rmsd
   -4.38624e+06    3.11510e+02   -2.12237e+02   -7.09564e+01    4.74271e-06

           Step           Time
          19500       39.00000

   Energies (kJ/mol)
           Bond            U-B    Proper Dih.  Improper Dih.      CMAP Dih.
    1.67623e+04    4.64770e+04    3.15850e+04    2.79407e+03   -7.74512e+03
          LJ-14     Coulomb-14        LJ (SR)  Disper. corr.   Coulomb (SR)
    1.45634e+04    2.67409e+05    6.97087e+05   -4.29512e+04   -5.37469e+06
   Coul. recip. Position Rest.      Potential    Kinetic En.   Total Energy
    2.99271e+04    4.92542e+03   -4.31386e+06    8.67393e+05   -3.44646e+06
  Conserved En.    Temperature Pres. DC (bar) Pressure (bar)   Constr. rmsd
   -4.38618e+06    3.12097e+02   -2.12237e+02   -7.49479e+01    4.73324e-06

Writing checkpoint, step 19900 at Mon Jun 16 13:47:33 2025


           Step           Time
          20000       40.00000

   Energies (kJ/mol)
           Bond            U-B    Proper Dih.  Improper Dih.      CMAP Dih.
    1.63434e+04    4.69108e+04    3.17455e+04    2.77941e+03   -7.86700e+03
          LJ-14     Coulomb-14        LJ (SR)  Disper. corr.   Coulomb (SR)
    1.47549e+04    2.67665e+05    6.94559e+05   -4.29512e+04   -5.37029e+06
   Coul. recip. Position Rest.      Potential    Kinetic En.   Total Energy
    3.00865e+04    5.03062e+03   -4.31124e+06    8.65387e+05   -3.44585e+06
  Conserved En.    Temperature Pres. DC (bar) Pressure (bar)   Constr. rmsd
   -4.38614e+06    3.11375e+02   -2.12237e+02   -5.86323e+01    4.62425e-06

           Step           Time
          20500       41.00000

   Energies (kJ/mol)
           Bond            U-B    Proper Dih.  Improper Dih.      CMAP Dih.
    1.70399e+04    4.58628e+04    3.18331e+04    2.77838e+03   -7.80542e+03
          LJ-14     Coulomb-14        LJ (SR)  Disper. corr.   Coulomb (SR)
    1.45646e+04    2.67278e+05    6.97457e+05   -4.29512e+04   -5.37524e+06
   Coul. recip. Position Rest.      Potential    Kinetic En.   Total Energy
    3.03643e+04    4.95581e+03   -4.31386e+06    8.66098e+05   -3.44776e+06
  Conserved En.    Temperature Pres. DC (bar) Pressure (bar)   Constr. rmsd
   -4.38606e+06    3.11631e+02   -2.12237e+02   -2.70591e+02    4.66565e-06

           Step           Time
          21000       42.00000

   Energies (kJ/mol)
           Bond            U-B    Proper Dih.  Improper Dih.      CMAP Dih.
    1.65908e+04    4.63480e+04    3.17711e+04    2.64607e+03   -7.77410e+03
          LJ-14     Coulomb-14        LJ (SR)  Disper. corr.   Coulomb (SR)
    1.44699e+04    2.68070e+05    6.89840e+05   -4.29512e+04   -5.36494e+06
   Coul. recip. Position Rest.      Potential    Kinetic En.   Total Energy
    3.01654e+04    5.00035e+03   -4.31076e+06    8.62377e+05   -3.44838e+06
  Conserved En.    Temperature Pres. DC (bar) Pressure (bar)   Constr. rmsd
   -4.38597e+06    3.10292e+02   -2.12237e+02   -2.40202e+02    4.62339e-06

           Step           Time
          21500       43.00000

   Energies (kJ/mol)
           Bond            U-B    Proper Dih.  Improper Dih.      CMAP Dih.
    1.69889e+04    4.64163e+04    3.17860e+04    2.71072e+03   -7.70505e+03
          LJ-14     Coulomb-14        LJ (SR)  Disper. corr.   Coulomb (SR)
    1.44452e+04    2.66745e+05    6.92713e+05   -4.29512e+04   -5.36723e+06
   Coul. recip. Position Rest.      Potential    Kinetic En.   Total Energy
    3.01433e+04    5.00223e+03   -4.31093e+06    8.65028e+05   -3.44590e+06
  Conserved En.    Temperature Pres. DC (bar) Pressure (bar)   Constr. rmsd
   -4.38590e+06    3.11246e+02   -2.12237e+02   -3.09502e+02    4.64694e-06

           Step           Time
          22000       44.00000

   Energies (kJ/mol)
           Bond            U-B    Proper Dih.  Improper Dih.      CMAP Dih.
    1.67609e+04    4.68973e+04    3.15332e+04    2.88043e+03   -7.87970e+03
          LJ-14     Coulomb-14        LJ (SR)  Disper. corr.   Coulomb (SR)
    1.47392e+04    2.67406e+05    6.94323e+05   -4.29512e+04   -5.37052e+06
   Coul. recip. Position Rest.      Potential    Kinetic En.   Total Energy
    3.01684e+04    4.91254e+03   -4.31173e+06    8.67238e+05   -3.44449e+06
  Conserved En.    Temperature Pres. DC (bar) Pressure (bar)   Constr. rmsd
   -4.38583e+06    3.12041e+02   -2.12237e+02    1.10739e+02    4.68750e-06

           Step           Time
          22500       45.00000

   Energies (kJ/mol)
           Bond            U-B    Proper Dih.  Improper Dih.      CMAP Dih.
    1.61085e+04    4.67286e+04    3.17332e+04    2.78064e+03   -7.68209e+03
          LJ-14     Coulomb-14        LJ (SR)  Disper. corr.   Coulomb (SR)
    1.47519e+04    2.67761e+05    6.92343e+05   -4.29512e+04   -5.36846e+06
   Coul. recip. Position Rest.      Potential    Kinetic En.   Total Energy
    3.02813e+04    5.03724e+03   -4.31157e+06    8.64600e+05   -3.44697e+06
  Conserved En.    Temperature Pres. DC (bar) Pressure (bar)   Constr. rmsd
   -4.38581e+06    3.11092e+02   -2.12237e+02   -2.00355e+02    4.68023e-06

           Step           Time
          23000       46.00000

   Energies (kJ/mol)
           Bond            U-B    Proper Dih.  Improper Dih.      CMAP Dih.
    1.66706e+04    4.61389e+04    3.18580e+04    2.74672e+03   -7.81093e+03
          LJ-14     Coulomb-14        LJ (SR)  Disper. corr.   Coulomb (SR)
    1.46569e+04    2.67365e+05    6.94159e+05   -4.29512e+04   -5.36979e+06
   Coul. recip. Position Rest.      Potential    Kinetic En.   Total Energy
    3.02435e+04    5.03575e+03   -4.31168e+06    8.66654e+05   -3.44503e+06
  Conserved En.    Temperature Pres. DC (bar) Pressure (bar)   Constr. rmsd
   -4.38573e+06    3.11831e+02   -2.12237e+02    4.07462e+01    4.78424e-06

           Step           Time
          23500       47.00000

   Energies (kJ/mol)
           Bond            U-B    Proper Dih.  Improper Dih.      CMAP Dih.
    1.68088e+04    4.65024e+04    3.17370e+04    2.73969e+03   -7.76324e+03
          LJ-14     Coulomb-14        LJ (SR)  Disper. corr.   Coulomb (SR)
    1.44990e+04    2.66961e+05    6.96611e+05   -4.29512e+04   -5.37080e+06
   Coul. recip. Position Rest.      Potential    Kinetic En.   Total Energy
    3.00514e+04    4.96436e+03   -4.31064e+06    8.64936e+05   -3.44571e+06
  Conserved En.    Temperature Pres. DC (bar) Pressure (bar)   Constr. rmsd
   -4.38568e+06    3.11213e+02   -2.12237e+02    2.84877e+01    4.72105e-06

           Step           Time
          24000       48.00000

   Energies (kJ/mol)
           Bond            U-B    Proper Dih.  Improper Dih.      CMAP Dih.
    1.69015e+04    4.71157e+04    3.16741e+04    2.73062e+03   -7.79294e+03
          LJ-14     Coulomb-14        LJ (SR)  Disper. corr.   Coulomb (SR)
    1.45047e+04    2.66439e+05    6.94706e+05   -4.29512e+04   -5.36942e+06
   Coul. recip. Position Rest.      Potential    Kinetic En.   Total Energy
    3.03147e+04    4.86784e+03   -4.31091e+06    8.67233e+05   -3.44367e+06
  Conserved En.    Temperature Pres. DC (bar) Pressure (bar)   Constr. rmsd
   -4.38562e+06    3.12039e+02   -2.12237e+02   -9.72580e+01    4.68862e-06

           Step           Time
          24500       49.00000

   Energies (kJ/mol)
           Bond            U-B    Proper Dih.  Improper Dih.      CMAP Dih.
    1.73257e+04    4.67667e+04    3.15501e+04    2.72001e+03   -7.68928e+03
          LJ-14     Coulomb-14        LJ (SR)  Disper. corr.   Coulomb (SR)
    1.44199e+04    2.66621e+05    6.93432e+05   -4.29512e+04   -5.36838e+06
   Coul. recip. Position Rest.      Potential    Kinetic En.   Total Energy
    3.00248e+04    4.99614e+03   -4.31116e+06    8.63417e+05   -3.44774e+06
  Conserved En.    Temperature Pres. DC (bar) Pressure (bar)   Constr. rmsd
   -4.38554e+06    3.10666e+02   -2.12237e+02    2.39224e+02    4.57268e-06

           Step           Time
          25000       50.00000

   Energies (kJ/mol)
           Bond            U-B    Proper Dih.  Improper Dih.      CMAP Dih.
    1.70257e+04    4.66747e+04    3.16857e+04    2.76810e+03   -7.77129e+03
          LJ-14     Coulomb-14        LJ (SR)  Disper. corr.   Coulomb (SR)
    1.44396e+04    2.66390e+05    6.95960e+05   -4.29512e+04   -5.37459e+06
   Coul. recip. Position Rest.      Potential    Kinetic En.   Total Energy
    3.00996e+04    4.99817e+03   -4.31527e+06    8.67151e+05   -3.44812e+06
  Conserved En.    Temperature Pres. DC (bar) Pressure (bar)   Constr. rmsd
   -4.38548e+06    3.12010e+02   -2.12237e+02   -1.51436e+02    4.64265e-06

           Step           Time
          25500       51.00000

   Energies (kJ/mol)
           Bond            U-B    Proper Dih.  Improper Dih.      CMAP Dih.
    1.66267e+04    4.65909e+04    3.18564e+04    2.75382e+03   -7.81592e+03
          LJ-14     Coulomb-14        LJ (SR)  Disper. corr.   Coulomb (SR)
    1.45555e+04    2.67189e+05    6.95601e+05   -4.29512e+04   -5.36886e+06
   Coul. recip. Position Rest.      Potential    Kinetic En.   Total Energy
    3.03971e+04    4.86856e+03   -4.30918e+06    8.63875e+05   -3.44531e+06
  Conserved En.    Temperature Pres. DC (bar) Pressure (bar)   Constr. rmsd
   -4.38541e+06    3.10831e+02   -2.12237e+02   -6.36780e+01    4.65193e-06

           Step           Time
          26000       52.00000

   Energies (kJ/mol)
           Bond            U-B    Proper Dih.  Improper Dih.      CMAP Dih.
    1.65621e+04    4.65418e+04    3.18746e+04    2.76226e+03   -7.85232e+03
          LJ-14     Coulomb-14        LJ (SR)  Disper. corr.   Coulomb (SR)
    1.45911e+04    2.67373e+05    6.90816e+05   -4.29512e+04   -5.36643e+06
   Coul. recip. Position Rest.      Potential    Kinetic En.   Total Energy
    3.00472e+04    4.97177e+03   -4.31169e+06    8.65467e+05   -3.44623e+06
  Conserved En.    Temperature Pres. DC (bar) Pressure (bar)   Constr. rmsd
   -4.38536e+06    3.11404e+02   -2.12237e+02    1.70832e+02    4.62720e-06

           Step           Time
          26500       53.00000

   Energies (kJ/mol)
           Bond            U-B    Proper Dih.  Improper Dih.      CMAP Dih.
    1.70242e+04    4.65644e+04    3.20269e+04    2.78423e+03   -7.81170e+03
          LJ-14     Coulomb-14        LJ (SR)  Disper. corr.   Coulomb (SR)
    1.45137e+04    2.67346e+05    6.95450e+05   -4.29512e+04   -5.36740e+06
   Coul. recip. Position Rest.      Potential    Kinetic En.   Total Energy
    3.00634e+04    4.91044e+03   -4.30748e+06    8.65322e+05   -3.44216e+06
  Conserved En.    Temperature Pres. DC (bar) Pressure (bar)   Constr. rmsd
   -4.38531e+06    3.11352e+02   -2.12237e+02    2.78106e+01    4.65950e-06

           Step           Time
          27000       54.00000

   Energies (kJ/mol)
           Bond            U-B    Proper Dih.  Improper Dih.      CMAP Dih.
    1.66359e+04    4.64394e+04    3.15929e+04    2.62235e+03   -7.68999e+03
          LJ-14     Coulomb-14        LJ (SR)  Disper. corr.   Coulomb (SR)
    1.47028e+04    2.67451e+05    6.93952e+05   -4.29512e+04   -5.36658e+06
   Coul. recip. Position Rest.      Potential    Kinetic En.   Total Energy
    3.00797e+04    4.80228e+03   -4.30894e+06    8.65371e+05   -3.44357e+06
  Conserved En.    Temperature Pres. DC (bar) Pressure (bar)   Constr. rmsd
   -4.38525e+06    3.11370e+02   -2.12237e+02    5.62973e+01    4.69262e-06

           Step           Time
          27500       55.00000

   Energies (kJ/mol)
           Bond            U-B    Proper Dih.  Improper Dih.      CMAP Dih.
    1.68398e+04    4.69597e+04    3.18393e+04    2.73872e+03   -7.67154e+03
          LJ-14     Coulomb-14        LJ (SR)  Disper. corr.   Coulomb (SR)
    1.46350e+04    2.66973e+05    6.95710e+05   -4.29512e+04   -5.37098e+06
   Coul. recip. Position Rest.      Potential    Kinetic En.   Total Energy
    3.00903e+04    5.13383e+03   -4.31069e+06    8.66649e+05   -3.44404e+06
  Conserved En.    Temperature Pres. DC (bar) Pressure (bar)   Constr. rmsd
   -4.38513e+06    3.11829e+02   -2.12237e+02    7.23548e+01    4.72716e-06

           Step           Time
          28000       56.00000

   Energies (kJ/mol)
           Bond            U-B    Proper Dih.  Improper Dih.      CMAP Dih.
    1.67973e+04    4.66770e+04    3.18318e+04    2.81520e+03   -7.80942e+03
          LJ-14     Coulomb-14        LJ (SR)  Disper. corr.   Coulomb (SR)
    1.44643e+04    2.67294e+05    6.94653e+05   -4.29512e+04   -5.36885e+06
   Coul. recip. Position Rest.      Potential    Kinetic En.   Total Energy
    3.01609e+04    4.99321e+03   -4.30992e+06    8.65058e+05   -3.44486e+06
  Conserved En.    Temperature Pres. DC (bar) Pressure (bar)   Constr. rmsd
   -4.38507e+06    3.11257e+02   -2.12237e+02    2.06078e+02    4.66757e-06

           Step           Time
          28500       57.00000

   Energies (kJ/mol)
           Bond            U-B    Proper Dih.  Improper Dih.      CMAP Dih.
    1.64512e+04    4.67560e+04    3.16644e+04    2.74968e+03   -7.81530e+03
          LJ-14     Coulomb-14        LJ (SR)  Disper. corr.   Coulomb (SR)
    1.45264e+04    2.67927e+05    6.95382e+05   -4.29512e+04   -5.37165e+06
   Coul. recip. Position Rest.      Potential    Kinetic En.   Total Energy
    3.03708e+04    4.79397e+03   -4.31179e+06    8.63828e+05   -3.44797e+06
  Conserved En.    Temperature Pres. DC (bar) Pressure (bar)   Constr. rmsd
   -4.38501e+06    3.10814e+02   -2.12237e+02   -1.22458e+02    4.65364e-06

           Step           Time
          29000       58.00000

   Energies (kJ/mol)
           Bond            U-B    Proper Dih.  Improper Dih.      CMAP Dih.
    1.65277e+04    4.64200e+04    3.18598e+04    2.61005e+03   -7.83520e+03
          LJ-14     Coulomb-14        LJ (SR)  Disper. corr.   Coulomb (SR)
    1.47306e+04    2.67819e+05    6.96389e+05   -4.29512e+04   -5.37381e+06
   Coul. recip. Position Rest.      Potential    Kinetic En.   Total Energy
    3.02412e+04    4.79999e+03   -4.31320e+06    8.66808e+05   -3.44639e+06
  Conserved En.    Temperature Pres. DC (bar) Pressure (bar)   Constr. rmsd
   -4.38501e+06    3.11887e+02   -2.12237e+02    2.82258e+02    4.65367e-06

           Step           Time
          29500       59.00000

   Energies (kJ/mol)
           Bond            U-B    Proper Dih.  Improper Dih.      CMAP Dih.
    1.65627e+04    4.69692e+04    3.13157e+04    2.76795e+03   -7.83272e+03
          LJ-14     Coulomb-14        LJ (SR)  Disper. corr.   Coulomb (SR)
    1.46100e+04    2.67371e+05    6.95568e+05   -4.29512e+04   -5.37144e+06
   Coul. recip. Position Rest.      Potential    Kinetic En.   Total Energy
    3.00783e+04    4.99225e+03   -4.31199e+06    8.68252e+05   -3.44374e+06
  Conserved En.    Temperature Pres. DC (bar) Pressure (bar)   Constr. rmsd
   -4.38495e+06    3.12406e+02   -2.12237e+02   -6.56213e+01    4.60264e-06

           Step           Time
          30000       60.00000

   Energies (kJ/mol)
           Bond            U-B    Proper Dih.  Improper Dih.      CMAP Dih.
    1.68648e+04    4.65327e+04    3.16411e+04    2.81435e+03   -7.83285e+03
          LJ-14     Coulomb-14        LJ (SR)  Disper. corr.   Coulomb (SR)
    1.46253e+04    2.66794e+05    6.91950e+05   -4.29512e+04   -5.36745e+06
   Coul. recip. Position Rest.      Potential    Kinetic En.   Total Energy
    3.02516e+04    4.88329e+03   -4.31187e+06    8.64922e+05   -3.44695e+06
  Conserved En.    Temperature Pres. DC (bar) Pressure (bar)   Constr. rmsd
   -4.38484e+06    3.11208e+02   -2.12237e+02   -1.68620e+02    4.62631e-06

           Step           Time
          30500       61.00000

   Energies (kJ/mol)
           Bond            U-B    Proper Dih.  Improper Dih.      CMAP Dih.
    1.69281e+04    4.64821e+04    3.17027e+04    2.82644e+03   -7.60750e+03
          LJ-14     Coulomb-14        LJ (SR)  Disper. corr.   Coulomb (SR)
    1.47599e+04    2.66806e+05    6.94984e+05   -4.29512e+04   -5.37086e+06
   Coul. recip. Position Rest.      Potential    Kinetic En.   Total Energy
    2.99754e+04    5.16625e+03   -4.31179e+06    8.66620e+05   -3.44517e+06
  Conserved En.    Temperature Pres. DC (bar) Pressure (bar)   Constr. rmsd
   -4.38482e+06    3.11819e+02   -2.12237e+02    2.82604e+01    4.68388e-06

           Step           Time
          31000       62.00000

   Energies (kJ/mol)
           Bond            U-B    Proper Dih.  Improper Dih.      CMAP Dih.
    1.67355e+04    4.71653e+04    3.16772e+04    2.76554e+03   -7.82131e+03
          LJ-14     Coulomb-14        LJ (SR)  Disper. corr.   Coulomb (SR)
    1.45691e+04    2.66845e+05    6.96521e+05   -4.29512e+04   -5.37122e+06
   Coul. recip. Position Rest.      Potential    Kinetic En.   Total Energy
    2.99061e+04    5.06273e+03   -4.31074e+06    8.63753e+05   -3.44699e+06
  Conserved En.    Temperature Pres. DC (bar) Pressure (bar)   Constr. rmsd
   -4.38468e+06    3.10787e+02   -2.12237e+02    3.24355e+01    4.68892e-06

           Step           Time
          31500       63.00000

   Energies (kJ/mol)
           Bond            U-B    Proper Dih.  Improper Dih.      CMAP Dih.
    1.68225e+04    4.68536e+04    3.19028e+04    2.77114e+03   -7.91005e+03
          LJ-14     Coulomb-14        LJ (SR)  Disper. corr.   Coulomb (SR)
    1.48346e+04    2.66759e+05    6.96210e+05   -4.29512e+04   -5.36921e+06
   Coul. recip. Position Rest.      Potential    Kinetic En.   Total Energy
    2.99199e+04    4.84835e+03   -4.30915e+06    8.62937e+05   -3.44622e+06
  Conserved En.    Temperature Pres. DC (bar) Pressure (bar)   Constr. rmsd
   -4.38467e+06    3.10494e+02   -2.12237e+02    1.30390e+02    4.72104e-06

           Step           Time
          32000       64.00000

   Energies (kJ/mol)
           Bond            U-B    Proper Dih.  Improper Dih.      CMAP Dih.
    1.66318e+04    4.64647e+04    3.19930e+04    2.76822e+03   -7.88525e+03
          LJ-14     Coulomb-14        LJ (SR)  Disper. corr.   Coulomb (SR)
    1.47954e+04    2.67230e+05    6.94033e+05   -4.29512e+04   -5.36997e+06
   Coul. recip. Position Rest.      Potential    Kinetic En.   Total Energy
    3.00974e+04    4.93015e+03   -4.31186e+06    8.68898e+05   -3.44296e+06
  Conserved En.    Temperature Pres. DC (bar) Pressure (bar)   Constr. rmsd
   -4.38463e+06    3.12638e+02   -2.12237e+02    1.28789e+02    4.73122e-06

           Step           Time
          32500       65.00000

   Energies (kJ/mol)
           Bond            U-B    Proper Dih.  Improper Dih.      CMAP Dih.
    1.66419e+04    4.65468e+04    3.18051e+04    2.69036e+03   -7.84111e+03
          LJ-14     Coulomb-14        LJ (SR)  Disper. corr.   Coulomb (SR)
    1.46405e+04    2.67632e+05    6.91661e+05   -4.29512e+04   -5.36985e+06
   Coul. recip. Position Rest.      Potential    Kinetic En.   Total Energy
    2.99785e+04    5.08588e+03   -4.31396e+06    8.65832e+05   -3.44812e+06
  Conserved En.    Temperature Pres. DC (bar) Pressure (bar)   Constr. rmsd
   -4.38454e+06    3.11535e+02   -2.12237e+02   -1.97049e+02    4.69512e-06

           Step           Time
          33000       66.00000

   Energies (kJ/mol)
           Bond            U-B    Proper Dih.  Improper Dih.      CMAP Dih.
    1.67425e+04    4.70247e+04    3.21513e+04    2.67802e+03   -7.99663e+03
          LJ-14     Coulomb-14        LJ (SR)  Disper. corr.   Coulomb (SR)
    1.44759e+04    2.66804e+05    6.94732e+05   -4.29512e+04   -5.36900e+06
   Coul. recip. Position Rest.      Potential    Kinetic En.   Total Energy
    3.00589e+04    5.04818e+03   -4.31023e+06    8.64458e+05   -3.44577e+06
  Conserved En.    Temperature Pres. DC (bar) Pressure (bar)   Constr. rmsd
   -4.38447e+06    3.11041e+02   -2.12237e+02    1.05816e+02    4.64551e-06

           Step           Time
          33500       67.00000

   Energies (kJ/mol)
           Bond            U-B    Proper Dih.  Improper Dih.      CMAP Dih.
    1.67639e+04    4.69636e+04    3.16432e+04    2.63872e+03   -7.88317e+03
          LJ-14     Coulomb-14        LJ (SR)  Disper. corr.   Coulomb (SR)
    1.44516e+04    2.67502e+05    6.92211e+05   -4.29512e+04   -5.36965e+06
   Coul. recip. Position Rest.      Potential    Kinetic En.   Total Energy
    2.98649e+04    4.95880e+03   -4.31349e+06    8.65662e+05   -3.44782e+06
  Conserved En.    Temperature Pres. DC (bar) Pressure (bar)   Constr. rmsd
   -4.38436e+06    3.11474e+02   -2.12237e+02   -3.21634e+02    4.67004e-06

           Step           Time
          34000       68.00000

   Energies (kJ/mol)
           Bond            U-B    Proper Dih.  Improper Dih.      CMAP Dih.
    1.66431e+04    4.65286e+04    3.16276e+04    2.74385e+03   -7.79734e+03
          LJ-14     Coulomb-14        LJ (SR)  Disper. corr.   Coulomb (SR)
    1.43395e+04    2.67353e+05    6.94002e+05   -4.29512e+04   -5.36787e+06
   Coul. recip. Position Rest.      Potential    Kinetic En.   Total Energy
    3.01512e+04    5.07704e+03   -4.31015e+06    8.65659e+05   -3.44449e+06
  Conserved En.    Temperature Pres. DC (bar) Pressure (bar)   Constr. rmsd
   -4.38438e+06    3.11473e+02   -2.12237e+02    4.67567e+01    4.64600e-06

           Step           Time
          34500       69.00000

   Energies (kJ/mol)
           Bond            U-B    Proper Dih.  Improper Dih.      CMAP Dih.
    1.67611e+04    4.67390e+04    3.17178e+04    2.68669e+03   -7.71800e+03
          LJ-14     Coulomb-14        LJ (SR)  Disper. corr.   Coulomb (SR)
    1.46710e+04    2.67386e+05    6.91159e+05   -4.29512e+04   -5.36549e+06
   Coul. recip. Position Rest.      Potential    Kinetic En.   Total Energy
    3.02706e+04    4.87276e+03   -4.30990e+06    8.65692e+05   -3.44420e+06
  Conserved En.    Temperature Pres. DC (bar) Pressure (bar)   Constr. rmsd
   -4.38429e+06    3.11485e+02   -2.12237e+02   -1.57131e+02    4.64458e-06

           Step           Time
          35000       70.00000

   Energies (kJ/mol)
           Bond            U-B    Proper Dih.  Improper Dih.      CMAP Dih.
    1.69150e+04    4.64362e+04    3.15384e+04    2.76817e+03   -7.75421e+03
          LJ-14     Coulomb-14        LJ (SR)  Disper. corr.   Coulomb (SR)
    1.45852e+04    2.67488e+05    6.98515e+05   -4.29512e+04   -5.37943e+06
   Coul. recip. Position Rest.      Potential    Kinetic En.   Total Energy
    2.97675e+04    4.79650e+03   -4.31733e+06    8.65887e+05   -3.45144e+06
  Conserved En.    Temperature Pres. DC (bar) Pressure (bar)   Constr. rmsd
   -4.38424e+06    3.11555e+02   -2.12237e+02   -8.09578e+01    4.66220e-06

           Step           Time
          35500       71.00000

   Energies (kJ/mol)
           Bond            U-B    Proper Dih.  Improper Dih.      CMAP Dih.
    1.65693e+04    4.63294e+04    3.18467e+04    2.71483e+03   -7.76081e+03
          LJ-14     Coulomb-14        LJ (SR)  Disper. corr.   Coulomb (SR)
    1.46941e+04    2.67000e+05    6.98793e+05   -4.29512e+04   -5.37595e+06
   Coul. recip. Position Rest.      Potential    Kinetic En.   Total Energy
    3.00682e+04    4.90136e+03   -4.31374e+06    8.63921e+05   -3.44982e+06
  Conserved En.    Temperature Pres. DC (bar) Pressure (bar)   Constr. rmsd
   -4.38420e+06    3.10848e+02   -2.12237e+02    2.27311e+02    4.61093e-06

           Step           Time
          36000       72.00000

   Energies (kJ/mol)
           Bond            U-B    Proper Dih.  Improper Dih.      CMAP Dih.
    1.67520e+04    4.62121e+04    3.17422e+04    2.71873e+03   -7.76389e+03
          LJ-14     Coulomb-14        LJ (SR)  Disper. corr.   Coulomb (SR)
    1.47334e+04    2.67390e+05    6.95130e+05   -4.29512e+04   -5.37272e+06
   Coul. recip. Position Rest.      Potential    Kinetic En.   Total Energy
    2.99115e+04    4.99486e+03   -4.31385e+06    8.63414e+05   -3.45043e+06
  Conserved En.    Temperature Pres. DC (bar) Pressure (bar)   Constr. rmsd
   -4.38413e+06    3.10665e+02   -2.12237e+02    1.31594e+02    4.64877e-06

           Step           Time
          36500       73.00000

   Energies (kJ/mol)
           Bond            U-B    Proper Dih.  Improper Dih.      CMAP Dih.
    1.62731e+04    4.63235e+04    3.14721e+04    2.72944e+03   -7.69619e+03
          LJ-14     Coulomb-14        LJ (SR)  Disper. corr.   Coulomb (SR)
    1.46589e+04    2.66941e+05    6.93807e+05   -4.29512e+04   -5.37238e+06
   Coul. recip. Position Rest.      Potential    Kinetic En.   Total Energy
    2.98263e+04    5.08223e+03   -4.31591e+06    8.64939e+05   -3.45097e+06
  Conserved En.    Temperature Pres. DC (bar) Pressure (bar)   Constr. rmsd
   -4.38412e+06    3.11214e+02   -2.12237e+02   -1.68217e+02    4.69789e-06

           Step           Time
          37000       74.00000

   Energies (kJ/mol)
           Bond            U-B    Proper Dih.  Improper Dih.      CMAP Dih.
    1.65500e+04    4.65073e+04    3.15965e+04    2.70596e+03   -7.63336e+03
          LJ-14     Coulomb-14        LJ (SR)  Disper. corr.   Coulomb (SR)
    1.43835e+04    2.67598e+05    6.91292e+05   -4.29512e+04   -5.36605e+06
   Coul. recip. Position Rest.      Potential    Kinetic En.   Total Energy
    3.04261e+04    5.05052e+03   -4.31052e+06    8.68146e+05   -3.44238e+06
  Conserved En.    Temperature Pres. DC (bar) Pressure (bar)   Constr. rmsd
   -4.38407e+06    3.12368e+02   -2.12237e+02   -2.83996e+02    4.65189e-06

           Step           Time
          37500       75.00000

   Energies (kJ/mol)
           Bond            U-B    Proper Dih.  Improper Dih.      CMAP Dih.
    1.68480e+04    4.73024e+04    3.16424e+04    2.79291e+03   -7.61185e+03
          LJ-14     Coulomb-14        LJ (SR)  Disper. corr.   Coulomb (SR)
    1.45083e+04    2.66850e+05    6.95314e+05   -4.29512e+04   -5.36986e+06
   Coul. recip. Position Rest.      Potential    Kinetic En.   Total Energy
    3.01805e+04    5.02416e+03   -4.30997e+06    8.66476e+05   -3.44349e+06
  Conserved En.    Temperature Pres. DC (bar) Pressure (bar)   Constr. rmsd
   -4.38393e+06    3.11767e+02   -2.12237e+02   -1.17132e+02    4.73877e-06

           Step           Time
          38000       76.00000

   Energies (kJ/mol)
           Bond            U-B    Proper Dih.  Improper Dih.      CMAP Dih.
    1.67082e+04    4.64069e+04    3.18476e+04    2.67132e+03   -7.74630e+03
          LJ-14     Coulomb-14        LJ (SR)  Disper. corr.   Coulomb (SR)
    1.45702e+04    2.66916e+05    6.94775e+05   -4.29512e+04   -5.37025e+06
   Coul. recip. Position Rest.      Potential    Kinetic En.   Total Energy
    3.00144e+04    4.94326e+03   -4.31209e+06    8.65539e+05   -3.44655e+06
  Conserved En.    Temperature Pres. DC (bar) Pressure (bar)   Constr. rmsd
   -4.38392e+06    3.11430e+02   -2.12237e+02   -1.33056e+02    4.75734e-06

           Step           Time
          38500       77.00000

   Energies (kJ/mol)
           Bond            U-B    Proper Dih.  Improper Dih.      CMAP Dih.
    1.66478e+04    4.62180e+04    3.16057e+04    2.80410e+03   -7.84999e+03
          LJ-14     Coulomb-14        LJ (SR)  Disper. corr.   Coulomb (SR)
    1.46572e+04    2.67142e+05    6.93602e+05   -4.29512e+04   -5.37024e+06
   Coul. recip. Position Rest.      Potential    Kinetic En.   Total Energy
    3.04677e+04    5.00738e+03   -4.31289e+06    8.66003e+05   -3.44689e+06
  Conserved En.    Temperature Pres. DC (bar) Pressure (bar)   Constr. rmsd
   -4.38383e+06    3.11597e+02   -2.12237e+02   -1.09898e+02    4.66597e-06

           Step           Time
          39000       78.00000

   Energies (kJ/mol)
           Bond            U-B    Proper Dih.  Improper Dih.      CMAP Dih.
    1.67343e+04    4.66012e+04    3.17200e+04    2.76914e+03   -7.78165e+03
          LJ-14     Coulomb-14        LJ (SR)  Disper. corr.   Coulomb (SR)
    1.45365e+04    2.67120e+05    6.95881e+05   -4.29512e+04   -5.37310e+06
   Coul. recip. Position Rest.      Potential    Kinetic En.   Total Energy
    2.99859e+04    5.06101e+03   -4.31342e+06    8.65818e+05   -3.44760e+06
  Conserved En.    Temperature Pres. DC (bar) Pressure (bar)   Constr. rmsd
   -4.38376e+06    3.11530e+02   -2.12237e+02    3.16918e+02    4.68985e-06

           Step           Time
          39500       79.00000

   Energies (kJ/mol)
           Bond            U-B    Proper Dih.  Improper Dih.      CMAP Dih.
    1.64023e+04    4.66734e+04    3.19024e+04    2.67725e+03   -7.69869e+03
          LJ-14     Coulomb-14        LJ (SR)  Disper. corr.   Coulomb (SR)
    1.48435e+04    2.67403e+05    6.94737e+05   -4.29512e+04   -5.36930e+06
   Coul. recip. Position Rest.      Potential    Kinetic En.   Total Energy
    3.03057e+04    5.00309e+03   -4.31000e+06    8.68077e+05   -3.44193e+06
  Conserved En.    Temperature Pres. DC (bar) Pressure (bar)   Constr. rmsd
   -4.38372e+06    3.12343e+02   -2.12237e+02   -4.02999e+01    4.65038e-06

Writing checkpoint, step 39700 at Mon Jun 16 14:02:31 2025


           Step           Time
          40000       80.00000

   Energies (kJ/mol)
           Bond            U-B    Proper Dih.  Improper Dih.      CMAP Dih.
    1.70595e+04    4.59109e+04    3.17454e+04    2.66361e+03   -7.76430e+03
          LJ-14     Coulomb-14        LJ (SR)  Disper. corr.   Coulomb (SR)
    1.43161e+04    2.67303e+05    6.92692e+05   -4.29512e+04   -5.37038e+06
   Coul. recip. Position Rest.      Potential    Kinetic En.   Total Energy
    3.00262e+04    4.95788e+03   -4.31442e+06    8.65541e+05   -3.44888e+06
  Conserved En.    Temperature Pres. DC (bar) Pressure (bar)   Constr. rmsd
   -4.38369e+06    3.11431e+02   -2.12237e+02   -2.06872e+02    4.63620e-06

           Step           Time
          40500       81.00000

   Energies (kJ/mol)
           Bond            U-B    Proper Dih.  Improper Dih.      CMAP Dih.
    1.66432e+04    4.60877e+04    3.14449e+04    2.70003e+03   -7.67446e+03
          LJ-14     Coulomb-14        LJ (SR)  Disper. corr.   Coulomb (SR)
    1.44905e+04    2.67766e+05    6.93651e+05   -4.29512e+04   -5.37193e+06
   Coul. recip. Position Rest.      Potential    Kinetic En.   Total Energy
    3.01084e+04    4.81872e+03   -4.31485e+06    8.62951e+05   -3.45190e+06
  Conserved En.    Temperature Pres. DC (bar) Pressure (bar)   Constr. rmsd
   -4.38356e+06    3.10499e+02   -2.12237e+02   -1.06590e+02    4.65558e-06

           Step           Time
          41000       82.00000

   Energies (kJ/mol)
           Bond            U-B    Proper Dih.  Improper Dih.      CMAP Dih.
    1.66550e+04    4.68668e+04    3.19265e+04    2.72720e+03   -7.84733e+03
          LJ-14     Coulomb-14        LJ (SR)  Disper. corr.   Coulomb (SR)
    1.45819e+04    2.67058e+05    6.90130e+05   -4.29512e+04   -5.36454e+06
   Coul. recip. Position Rest.      Potential    Kinetic En.   Total Energy
    3.01340e+04    4.96343e+03   -4.31030e+06    8.65064e+05   -3.44523e+06
  Conserved En.    Temperature Pres. DC (bar) Pressure (bar)   Constr. rmsd
   -4.38349e+06    3.11259e+02   -2.12237e+02   -3.16231e+02    4.68985e-06

           Step           Time
          41500       83.00000

   Energies (kJ/mol)
           Bond            U-B    Proper Dih.  Improper Dih.      CMAP Dih.
    1.66303e+04    4.71648e+04    3.17313e+04    2.81152e+03   -7.72628e+03
          LJ-14     Coulomb-14        LJ (SR)  Disper. corr.   Coulomb (SR)
    1.47178e+04    2.67396e+05    6.96842e+05   -4.29512e+04   -5.37300e+06
   Coul. recip. Position Rest.      Potential    Kinetic En.   Total Energy
    3.01672e+04    4.90207e+03   -4.31132e+06    8.65355e+05   -3.44596e+06
  Conserved En.    Temperature Pres. DC (bar) Pressure (bar)   Constr. rmsd
   -4.38339e+06    3.11364e+02   -2.12237e+02   -5.12652e+01    4.68962e-06

           Step           Time
          42000       84.00000

   Energies (kJ/mol)
           Bond            U-B    Proper Dih.  Improper Dih.      CMAP Dih.
    1.69322e+04    4.62733e+04    3.17959e+04    2.78755e+03   -7.71442e+03
          LJ-14     Coulomb-14        LJ (SR)  Disper. corr.   Coulomb (SR)
    1.48288e+04    2.67585e+05    6.97168e+05   -4.29512e+04   -5.37339e+06
   Coul. recip. Position Rest.      Potential    Kinetic En.   Total Energy
    3.00919e+04    4.84156e+03   -4.31175e+06    8.65023e+05   -3.44673e+06
  Conserved En.    Temperature Pres. DC (bar) Pressure (bar)   Constr. rmsd
   -4.38339e+06    3.11244e+02   -2.12237e+02    2.12195e+02    4.63643e-06

           Step           Time
          42500       85.00000

   Energies (kJ/mol)
           Bond            U-B    Proper Dih.  Improper Dih.      CMAP Dih.
    1.65506e+04    4.64355e+04    3.16698e+04    2.70809e+03   -7.73860e+03
          LJ-14     Coulomb-14        LJ (SR)  Disper. corr.   Coulomb (SR)
    1.46027e+04    2.67585e+05    6.92085e+05   -4.29512e+04   -5.36699e+06
   Coul. recip. Position Rest.      Potential    Kinetic En.   Total Energy
    3.00553e+04    4.88684e+03   -4.31110e+06    8.64589e+05   -3.44651e+06
  Conserved En.    Temperature Pres. DC (bar) Pressure (bar)   Constr. rmsd
   -4.38337e+06    3.11088e+02   -2.12237e+02    1.59966e+02    4.74573e-06

           Step           Time
          43000       86.00000

   Energies (kJ/mol)
           Bond            U-B    Proper Dih.  Improper Dih.      CMAP Dih.
    1.68321e+04    4.60243e+04    3.18408e+04    2.80126e+03   -7.83081e+03
          LJ-14     Coulomb-14        LJ (SR)  Disper. corr.   Coulomb (SR)
    1.46538e+04    2.67135e+05    6.94672e+05   -4.29512e+04   -5.37310e+06
   Coul. recip. Position Rest.      Potential    Kinetic En.   Total Energy
    2.99697e+04    4.79242e+03   -4.31516e+06    8.63066e+05   -3.45209e+06
  Conserved En.    Temperature Pres. DC (bar) Pressure (bar)   Constr. rmsd
   -4.38325e+06    3.10540e+02   -2.12237e+02    9.14290e+01    4.66679e-06

           Step           Time
          43500       87.00000

   Energies (kJ/mol)
           Bond            U-B    Proper Dih.  Improper Dih.      CMAP Dih.
    1.67713e+04    4.67111e+04    3.17784e+04    2.70678e+03   -7.76753e+03
          LJ-14     Coulomb-14        LJ (SR)  Disper. corr.   Coulomb (SR)
    1.45798e+04    2.67562e+05    6.97140e+05   -4.29512e+04   -5.37370e+06
   Coul. recip. Position Rest.      Potential    Kinetic En.   Total Energy
    3.02394e+04    4.92540e+03   -4.31201e+06    8.66824e+05   -3.44518e+06
  Conserved En.    Temperature Pres. DC (bar) Pressure (bar)   Constr. rmsd
   -4.38319e+06    3.11892e+02   -2.12237e+02    1.05983e+01    4.71552e-06

           Step           Time
          44000       88.00000

   Energies (kJ/mol)
           Bond            U-B    Proper Dih.  Improper Dih.      CMAP Dih.
    1.66380e+04    4.61967e+04    3.15242e+04    2.83631e+03   -7.74156e+03
          LJ-14     Coulomb-14        LJ (SR)  Disper. corr.   Coulomb (SR)
    1.44670e+04    2.67957e+05    6.99092e+05   -4.29512e+04   -5.37726e+06
   Coul. recip. Position Rest.      Potential    Kinetic En.   Total Energy
    3.04197e+04    4.81270e+03   -4.31401e+06    8.64507e+05   -3.44950e+06
  Conserved En.    Temperature Pres. DC (bar) Pressure (bar)   Constr. rmsd
   -4.38313e+06    3.11059e+02   -2.12237e+02    7.47271e+01    4.72244e-06

           Step           Time
          44500       89.00000

   Energies (kJ/mol)
           Bond            U-B    Proper Dih.  Improper Dih.      CMAP Dih.
    1.66311e+04    4.62829e+04    3.16458e+04    2.64497e+03   -7.72200e+03
          LJ-14     Coulomb-14        LJ (SR)  Disper. corr.   Coulomb (SR)
    1.47099e+04    2.67448e+05    6.93957e+05   -4.29512e+04   -5.36923e+06
   Coul. recip. Position Rest.      Potential    Kinetic En.   Total Energy
    3.01086e+04    4.90865e+03   -4.31157e+06    8.67414e+05   -3.44415e+06
  Conserved En.    Temperature Pres. DC (bar) Pressure (bar)   Constr. rmsd
   -4.38315e+06    3.12104e+02   -2.12237e+02   -5.21359e+01    4.77240e-06

           Step           Time
          45000       90.00000

   Energies (kJ/mol)
           Bond            U-B    Proper Dih.  Improper Dih.      CMAP Dih.
    1.65192e+04    4.63241e+04    3.19141e+04    2.90939e+03   -7.64091e+03
          LJ-14     Coulomb-14        LJ (SR)  Disper. corr.   Coulomb (SR)
    1.46439e+04    2.67402e+05    6.97176e+05   -4.29512e+04   -5.37353e+06
   Coul. recip. Position Rest.      Potential    Kinetic En.   Total Energy
    3.00623e+04    4.92518e+03   -4.31224e+06    8.66487e+05   -3.44576e+06
  Conserved En.    Temperature Pres. DC (bar) Pressure (bar)   Constr. rmsd
   -4.38305e+06    3.11771e+02   -2.12237e+02   -9.95682e+01    4.61562e-06

           Step           Time
          45500       91.00000

   Energies (kJ/mol)
           Bond            U-B    Proper Dih.  Improper Dih.      CMAP Dih.
    1.65679e+04    4.64422e+04    3.19027e+04    2.81889e+03   -7.70620e+03
          LJ-14     Coulomb-14        LJ (SR)  Disper. corr.   Coulomb (SR)
    1.45813e+04    2.67558e+05    6.90584e+05   -4.29512e+04   -5.36469e+06
   Coul. recip. Position Rest.      Potential    Kinetic En.   Total Energy
    3.02697e+04    4.95121e+03   -4.30967e+06    8.63337e+05   -3.44633e+06
  Conserved En.    Temperature Pres. DC (bar) Pressure (bar)   Constr. rmsd
   -4.38298e+06    3.10637e+02   -2.12237e+02    4.35289e+01    4.69205e-06

           Step           Time
          46000       92.00000

   Energies (kJ/mol)
           Bond            U-B    Proper Dih.  Improper Dih.      CMAP Dih.
    1.68684e+04    4.65382e+04    3.17046e+04    2.67989e+03   -7.77192e+03
          LJ-14     Coulomb-14        LJ (SR)  Disper. corr.   Coulomb (SR)
    1.45087e+04    2.67609e+05    6.93272e+05   -4.29512e+04   -5.36698e+06
   Coul. recip. Position Rest.      Potential    Kinetic En.   Total Energy
    3.03373e+04    5.04481e+03   -4.30914e+06    8.66449e+05   -3.44269e+06
  Conserved En.    Temperature Pres. DC (bar) Pressure (bar)   Constr. rmsd
   -4.38295e+06    3.11757e+02   -2.12237e+02   -7.19940e+01    4.64116e-06

           Step           Time
          46500       93.00000

   Energies (kJ/mol)
           Bond            U-B    Proper Dih.  Improper Dih.      CMAP Dih.
    1.68201e+04    4.64711e+04    3.14351e+04    2.68992e+03   -7.75057e+03
          LJ-14     Coulomb-14        LJ (SR)  Disper. corr.   Coulomb (SR)
    1.47520e+04    2.66481e+05    6.95297e+05   -4.29512e+04   -5.37222e+06
   Coul. recip. Position Rest.      Potential    Kinetic En.   Total Energy
    3.01715e+04    4.80263e+03   -4.31400e+06    8.66480e+05   -3.44752e+06
  Conserved En.    Temperature Pres. DC (bar) Pressure (bar)   Constr. rmsd
   -4.38283e+06    3.11769e+02   -2.12237e+02   -1.85451e+02    4.70119e-06

           Step           Time
          47000       94.00000

   Energies (kJ/mol)
           Bond            U-B    Proper Dih.  Improper Dih.      CMAP Dih.
    1.65505e+04    4.63739e+04    3.16890e+04    2.56803e+03   -7.70899e+03
          LJ-14     Coulomb-14        LJ (SR)  Disper. corr.   Coulomb (SR)
    1.44883e+04    2.67476e+05    6.93508e+05   -4.29512e+04   -5.37363e+06
   Coul. recip. Position Rest.      Potential    Kinetic En.   Total Energy
    3.05851e+04    4.91978e+03   -4.31613e+06    8.64780e+05   -3.45135e+06
  Conserved En.    Temperature Pres. DC (bar) Pressure (bar)   Constr. rmsd
   -4.38281e+06    3.11157e+02   -2.12237e+02   -1.13936e+02    4.70843e-06

           Step           Time
          47500       95.00000

   Energies (kJ/mol)
           Bond            U-B    Proper Dih.  Improper Dih.      CMAP Dih.
    1.67173e+04    4.62987e+04    3.14906e+04    2.70670e+03   -7.65968e+03
          LJ-14     Coulomb-14        LJ (SR)  Disper. corr.   Coulomb (SR)
    1.47228e+04    2.67557e+05    6.95712e+05   -4.29512e+04   -5.37010e+06
   Coul. recip. Position Rest.      Potential    Kinetic En.   Total Energy
    3.00108e+04    5.07376e+03   -4.31042e+06    8.67468e+05   -3.44296e+06
  Conserved En.    Temperature Pres. DC (bar) Pressure (bar)   Constr. rmsd
   -4.38274e+06    3.12124e+02   -2.12237e+02   -1.53107e+02    4.67265e-06

           Step           Time
          48000       96.00000

   Energies (kJ/mol)
           Bond            U-B    Proper Dih.  Improper Dih.      CMAP Dih.
    1.68949e+04    4.62081e+04    3.15654e+04    2.67120e+03   -7.69959e+03
          LJ-14     Coulomb-14        LJ (SR)  Disper. corr.   Coulomb (SR)
    1.45803e+04    2.67367e+05    6.93297e+05   -4.29512e+04   -5.37062e+06
   Coul. recip. Position Rest.      Potential    Kinetic En.   Total Energy
    3.01364e+04    4.98822e+03   -4.31356e+06    8.63532e+05   -3.45003e+06
  Conserved En.    Temperature Pres. DC (bar) Pressure (bar)   Constr. rmsd
   -4.38267e+06    3.10708e+02   -2.12237e+02   -1.83116e+02    4.65540e-06

           Step           Time
          48500       97.00000

   Energies (kJ/mol)
           Bond            U-B    Proper Dih.  Improper Dih.      CMAP Dih.
    1.71474e+04    4.67252e+04    3.16206e+04    2.64233e+03   -7.67292e+03
          LJ-14     Coulomb-14        LJ (SR)  Disper. corr.   Coulomb (SR)
    1.44384e+04    2.67359e+05    6.93641e+05   -4.29512e+04   -5.36786e+06
   Coul. recip. Position Rest.      Potential    Kinetic En.   Total Energy
    3.00863e+04    5.01161e+03   -4.30981e+06    8.68051e+05   -3.44176e+06
  Conserved En.    Temperature Pres. DC (bar) Pressure (bar)   Constr. rmsd
   -4.38258e+06    3.12334e+02   -2.12237e+02   -1.59357e+02    4.64883e-06

           Step           Time
          49000       98.00000

   Energies (kJ/mol)
           Bond            U-B    Proper Dih.  Improper Dih.      CMAP Dih.
    1.66916e+04    4.70803e+04    3.15531e+04    2.74095e+03   -7.73786e+03
          LJ-14     Coulomb-14        LJ (SR)  Disper. corr.   Coulomb (SR)
    1.46104e+04    2.67343e+05    6.94637e+05   -4.29512e+04   -5.36891e+06
   Coul. recip. Position Rest.      Potential    Kinetic En.   Total Energy
    3.00807e+04    4.96911e+03   -4.30989e+06    8.67622e+05   -3.44227e+06
  Conserved En.    Temperature Pres. DC (bar) Pressure (bar)   Constr. rmsd
   -4.38254e+06    3.12180e+02   -2.12237e+02    1.27649e+02    4.82781e-06

           Step           Time
          49500       99.00000

   Energies (kJ/mol)
           Bond            U-B    Proper Dih.  Improper Dih.      CMAP Dih.
    1.67956e+04    4.66970e+04    3.15897e+04    2.63144e+03   -7.73971e+03
          LJ-14     Coulomb-14        LJ (SR)  Disper. corr.   Coulomb (SR)
    1.48116e+04    2.67036e+05    6.94752e+05   -4.29512e+04   -5.37584e+06
   Coul. recip. Position Rest.      Potential    Kinetic En.   Total Energy
    3.01765e+04    4.88367e+03   -4.31716e+06    8.65457e+05   -3.45171e+06
  Conserved En.    Temperature Pres. DC (bar) Pressure (bar)   Constr. rmsd
   -4.38246e+06    3.11400e+02   -2.12237e+02    1.47418e+02    4.68120e-06

           Step           Time
          50000      100.00000

Writing checkpoint, step 50000 at Mon Jun 16 14:10:19 2025


   Energies (kJ/mol)
           Bond            U-B    Proper Dih.  Improper Dih.      CMAP Dih.
    1.66776e+04    4.63015e+04    3.17353e+04    2.85397e+03   -7.62341e+03
          LJ-14     Coulomb-14        LJ (SR)  Disper. corr.   Coulomb (SR)
    1.46959e+04    2.67448e+05    6.96743e+05   -4.29512e+04   -5.37334e+06
   Coul. recip. Position Rest.      Potential    Kinetic En.   Total Energy
    2.99844e+04    4.81287e+03   -4.31267e+06    8.66464e+05   -3.44620e+06
  Conserved En.    Temperature Pres. DC (bar) Pressure (bar)   Constr. rmsd
   -4.38244e+06    3.11763e+02   -2.12237e+02    4.03598e+02    4.68918e-06


Energy conservation over simulation part #1 of length 100 ps, time 0 to 100 ps
  Conserved energy drift: 4.31e-04 kJ/mol/ps per atom


	<======  ###############  ==>
	<====  A V E R A G E S  ====>
	<==  ###############  ======>

	Statistics over 50001 steps using 501 frames

   Energies (kJ/mol)
           Bond            U-B    Proper Dih.  Improper Dih.      CMAP Dih.
    1.66695e+04    4.64963e+04    3.17602e+04    2.74780e+03   -7.77149e+03
          LJ-14     Coulomb-14        LJ (SR)  Disper. corr.   Coulomb (SR)
    1.45976e+04    2.67142e+05    6.95725e+05   -4.29512e+04   -5.37378e+06
   Coul. recip. Position Rest.      Potential    Kinetic En.   Total Energy
    3.01384e+04    4.96794e+03   -4.31425e+06    8.64886e+05   -3.44937e+06
  Conserved En.    Temperature Pres. DC (bar) Pressure (bar)   Constr. rmsd
   -4.38551e+06    3.11195e+02   -2.12237e+02   -3.59117e+01    0.00000e+00

   Total Virial (kJ/mol)
    2.92456e+05   -7.39381e+02    2.33503e+02
   -7.40708e+02    2.92633e+05    1.39778e+02
    2.32587e+02    1.40506e+02    2.90712e+05

   Pressure (bar)
   -4.04863e+01    6.52804e+00   -2.28563e+00
    6.54113e+00   -4.28604e+01   -3.27837e+00
   -2.27658e+00   -3.28556e+00   -2.43884e+01

      T-Protein  T-non-Protein
    3.11432e+02    3.11176e+02


	M E G A - F L O P S   A C C O U N T I N G

 NB=Group-cutoff nonbonded kernels    NxN=N-by-N cluster Verlet kernels
 RF=Reaction-Field  VdW=Van der Waals  QSTab=quadratic-spline table
 W3=SPC/TIP3p  W4=TIP4p (single or pairs)
 V&F=Potential and force  V=Potential only  F=Force only

 Computing:                               M-Number         M-Flops  % Flops
-----------------------------------------------------------------------------
 Pair Search distance check          156364.950418     1407284.554     0.2
 NxN Ewald Elec. + LJ [F]           4969936.436064   328015804.780    51.6
 NxN Ewald Elec. + LJ [V&F]           50301.662144     5382277.849     0.8
 NxN Ewald Elec. [F]                4305804.447776   262654071.314    41.3
 NxN Ewald Elec. [V&F]                43579.863584     3660708.541     0.6
 1,4 nonbonded interactions            2679.453588      241150.823     0.0
 Calc Weights                         49371.387408     1777369.947     0.3
 Spread Q Bspline                   1053256.264704     2106512.529     0.3
 Gather F Bspline                   1053256.264704     6319537.588     1.0
 3D-FFT                             2552814.755274    20422518.042     3.2
 Solve PME                              583.211664       37325.546     0.0
 Reset In Box                           329.465136         988.395     0.0
 CG-CoM                                 329.794272         989.383     0.0
 Bonds                                  526.710534       31075.922     0.0
 Propers                               2302.646052      527305.946     0.1
 Impropers                              164.903298       34299.886     0.0
 Pos. Restr.                            513.010260       25650.513     0.0
 Virial                                 164.919681        2968.554     0.0
 Stop-CM                                165.226272        1652.263     0.0
 Calc-Ekin                             3292.018272       88884.493     0.0
 Lincs                                  498.479907       29908.794     0.0
 Lincs-Mat                             2498.549904        9994.200     0.0
 Constraint-V                         16442.757684      147984.819     0.0
 Constraint-Vir                         159.755373        3834.129     0.0
 Settle                                5148.708904     1905022.294     0.3
 CMAP                                    65.801316      111862.237     0.0
 Urey-Bradley                          1851.137022      338758.075     0.1
-----------------------------------------------------------------------------
 Total                                               635285741.419   100.0
-----------------------------------------------------------------------------


    D O M A I N   D E C O M P O S I T I O N   S T A T I S T I C S

 av. #atoms communicated per step for force:  2 x 0.0


      R E A L   C Y C L E   A N D   T I M E   A C C O U N T I N G

On 1 MPI rank, each using 16 OpenMP threads

 Activity:              Num   Num      Call    Wall time         Giga-Cycles
                        Ranks Threads  Count      (s)         total sum    %
--------------------------------------------------------------------------------
 Domain decomp.            1   16       1001      28.262       1313.164   1.2
 Neighbor search           1   16       1001      39.889       1853.411   1.8
 Force                     1   16      50001    1153.532      53597.784  50.8
 PME mesh                  1   16      50001     835.631      38826.801  36.8
 NB X/F buffer ops.        1   16      99001      83.833       3895.240   3.7
 Write traj.               1   16        103       6.392        296.988   0.3
 Update                    1   16      50001      72.425       3365.137   3.2
 Constraints               1   16      50003      44.922       2087.261   2.0
 Rest                                              3.932        182.686   0.2
--------------------------------------------------------------------------------
 Total                                          2268.818     105418.471 100.0
--------------------------------------------------------------------------------
 Breakdown of PME mesh activities
--------------------------------------------------------------------------------
 PME spread                1   16      50001     402.098      18683.110  17.7
 PME gather                1   16      50001     212.085       9854.307   9.3
 PME 3D-FFT                1   16     100002     204.775       9514.659   9.0
 PME solve Elec            1   16      50001      16.281        756.481   0.7
--------------------------------------------------------------------------------

               Core t (s)   Wall t (s)        (%)
       Time:    36301.084     2268.818     1600.0
                         37:48
                 (ns/day)    (hour/ns)
Performance:        3.808        6.302
Finished mdrun on rank 0 Mon Jun 16 14:10:19 2025

